{"/home/travis/build/npmtest/node-npmtest-gulp-typescript/test.js":{"path":"/home/travis/build/npmtest/node-npmtest-gulp-typescript/test.js","s":{"1":2,"2":2,"3":2,"4":2,"5":2,"6":2,"7":2,"8":1,"9":2,"10":2,"11":1,"12":1,"13":1,"14":1,"15":2,"16":2,"17":2,"18":2,"19":1,"20":1,"21":2,"22":2,"23":2,"24":1,"25":1,"26":1,"27":1,"28":1,"29":1,"30":1,"31":1,"32":1,"33":1,"34":1,"35":1,"36":2,"37":2,"38":1,"39":2,"40":2,"41":1,"42":2,"43":2,"44":1,"45":1,"46":1,"47":1,"48":1},"b":{"1":[2,1,1,1],"2":[1,1,1,1],"3":[1,1],"4":[1,1],"5":[1,1],"6":[1,1],"7":[1,1],"8":[1,1],"9":[1,1,1],"10":[1,1],"11":[1,1],"12":[1,1],"13":[1,1],"14":[1,1],"15":[1,1]},"f":{"1":2,"2":2,"3":2,"4":2,"5":2,"6":1,"7":1,"8":2,"9":2,"10":2,"11":1},"fnMap":{"1":{"name":"(anonymous_1)","line":12,"loc":{"start":{"line":12,"column":1},"end":{"line":12,"column":13}}},"2":{"name":"(anonymous_2)","line":19,"loc":{"start":{"line":19,"column":5},"end":{"line":19,"column":17}}},"3":{"name":"(anonymous_3)","line":23,"loc":{"start":{"line":23,"column":24},"end":{"line":23,"column":36}}},"4":{"name":"(anonymous_4)","line":61,"loc":{"start":{"line":61,"column":5},"end":{"line":61,"column":17}}},"5":{"name":"(anonymous_5)","line":82,"loc":{"start":{"line":82,"column":5},"end":{"line":82,"column":17}}},"6":{"name":"(anonymous_6)","line":102,"loc":{"start":{"line":102,"column":83},"end":{"line":105,"column":10}},"skip":true},"7":{"name":"(anonymous_7)","line":113,"loc":{"start":{"line":113,"column":77},"end":{"line":116,"column":10}},"skip":true},"8":{"name":"(anonymous_8)","line":127,"loc":{"start":{"line":127,"column":77},"end":{"line":130,"column":10}},"skip":true},"9":{"name":"(anonymous_9)","line":138,"loc":{"start":{"line":138,"column":83},"end":{"line":141,"column":10}},"skip":true},"10":{"name":"(anonymous_10)","line":149,"loc":{"start":{"line":149,"column":79},"end":{"line":152,"column":10}},"skip":true},"11":{"name":"(anonymous_11)","line":160,"loc":{"start":{"line":160,"column":75},"end":{"line":163,"column":10}},"skip":true}},"statementMap":{"1":{"start":{"line":12,"column":0},"end":{"line":175,"column":5}},"2":{"start":{"line":14,"column":4},"end":{"line":14,"column":14}},"3":{"start":{"line":19,"column":4},"end":{"line":56,"column":9}},"4":{"start":{"line":21,"column":8},"end":{"line":21,"column":19}},"5":{"start":{"line":23,"column":8},"end":{"line":35,"column":13}},"6":{"start":{"line":24,"column":12},"end":{"line":34,"column":13}},"7":{"start":{"line":25,"column":16},"end":{"line":28,"column":30}},"8":{"start":{"line":30,"column":16},"end":{"line":33,"column":27}},"9":{"start":{"line":37,"column":8},"end":{"line":39,"column":21}},"10":{"start":{"line":40,"column":8},"end":{"line":53,"column":9}},"11":{"start":{"line":43,"column":12},"end":{"line":46,"column":14}},"12":{"start":{"line":47,"column":12},"end":{"line":47,"column":18}},"13":{"start":{"line":50,"column":12},"end":{"line":51,"column":46}},"14":{"start":{"line":52,"column":12},"end":{"line":52,"column":18}},"15":{"start":{"line":55,"column":8},"end":{"line":55,"column":35}},"16":{"start":{"line":61,"column":4},"end":{"line":63,"column":9}},"17":{"start":{"line":62,"column":8},"end":{"line":62,"column":15}},"18":{"start":{"line":64,"column":4},"end":{"line":77,"column":5}},"19":{"start":{"line":70,"column":8},"end":{"line":70,"column":14}},"20":{"start":{"line":76,"column":8},"end":{"line":76,"column":14}},"21":{"start":{"line":82,"column":4},"end":{"line":84,"column":9}},"22":{"start":{"line":83,"column":8},"end":{"line":83,"column":15}},"23":{"start":{"line":85,"column":4},"end":{"line":174,"column":5}},"24":{"start":{"line":92,"column":8},"end":{"line":94,"column":63}},"25":{"start":{"line":95,"column":8},"end":{"line":95,"column":14}},"26":{"start":{"line":102,"column":8},"end":{"line":111,"column":10},"skip":true},"27":{"start":{"line":109,"column":12},"end":{"line":109,"column":55},"skip":true},"28":{"start":{"line":110,"column":12},"end":{"line":110,"column":48},"skip":true},"29":{"start":{"line":113,"column":8},"end":{"line":125,"column":10},"skip":true},"30":{"start":{"line":120,"column":12},"end":{"line":120,"column":76},"skip":true},"31":{"start":{"line":121,"column":12},"end":{"line":121,"column":73},"skip":true},"32":{"start":{"line":122,"column":12},"end":{"line":122,"column":74},"skip":true},"33":{"start":{"line":123,"column":12},"end":{"line":123,"column":25},"skip":true},"34":{"start":{"line":124,"column":12},"end":{"line":124,"column":45},"skip":true},"35":{"start":{"line":127,"column":8},"end":{"line":136,"column":10},"skip":true},"36":{"start":{"line":134,"column":12},"end":{"line":134,"column":25},"skip":true},"37":{"start":{"line":135,"column":12},"end":{"line":135,"column":45},"skip":true},"38":{"start":{"line":138,"column":8},"end":{"line":147,"column":10},"skip":true},"39":{"start":{"line":145,"column":12},"end":{"line":145,"column":25},"skip":true},"40":{"start":{"line":146,"column":12},"end":{"line":146,"column":48},"skip":true},"41":{"start":{"line":149,"column":8},"end":{"line":158,"column":10},"skip":true},"42":{"start":{"line":156,"column":12},"end":{"line":156,"column":25},"skip":true},"43":{"start":{"line":157,"column":12},"end":{"line":157,"column":46},"skip":true},"44":{"start":{"line":160,"column":8},"end":{"line":169,"column":10},"skip":true},"45":{"start":{"line":167,"column":12},"end":{"line":167,"column":94},"skip":true},"46":{"start":{"line":168,"column":12},"end":{"line":168,"column":48},"skip":true},"47":{"start":{"line":172,"column":8},"end":{"line":172,"column":35},"skip":true},"48":{"start":{"line":173,"column":8},"end":{"line":173,"column":14},"skip":true}},"branchMap":{"1":{"line":25,"type":"binary-expr","locations":[{"start":{"line":25,"column":23},"end":{"line":25,"column":62}},{"start":{"line":26,"column":20},"end":{"line":26,"column":70}},{"start":{"line":27,"column":20},"end":{"line":27,"column":71}},{"start":{"line":28,"column":20},"end":{"line":28,"column":29}}]},"2":{"line":30,"type":"binary-expr","locations":[{"start":{"line":30,"column":23},"end":{"line":30,"column":37}},{"start":{"line":31,"column":20},"end":{"line":31,"column":61}},{"start":{"line":32,"column":20},"end":{"line":32,"column":70}},{"start":{"line":33,"column":20},"end":{"line":33,"column":26}}]},"3":{"line":37,"type":"cond-expr","locations":[{"start":{"line":38,"column":14},"end":{"line":38,"column":20}},{"start":{"line":39,"column":14},"end":{"line":39,"column":20}}]},"4":{"line":40,"type":"switch","locations":[{"start":{"line":42,"column":8},"end":{"line":47,"column":18}},{"start":{"line":49,"column":8},"end":{"line":52,"column":18}}]},"5":{"line":44,"type":"binary-expr","locations":[{"start":{"line":44,"column":16},"end":{"line":44,"column":44}},{"start":{"line":44,"column":48},"end":{"line":44,"column":66}}]},"6":{"line":50,"type":"binary-expr","locations":[{"start":{"line":50,"column":21},"end":{"line":50,"column":49}},{"start":{"line":50,"column":53},"end":{"line":50,"column":72}}]},"7":{"line":64,"type":"switch","locations":[{"start":{"line":69,"column":4},"end":{"line":70,"column":14}},{"start":{"line":75,"column":4},"end":{"line":76,"column":14}}]},"8":{"line":85,"type":"switch","locations":[{"start":{"line":90,"column":4},"end":{"line":95,"column":14}},{"start":{"line":101,"column":4},"end":{"line":173,"column":14},"skip":true}]},"9":{"line":92,"type":"binary-expr","locations":[{"start":{"line":92,"column":18},"end":{"line":92,"column":32}},{"start":{"line":93,"column":12},"end":{"line":93,"column":53}},{"start":{"line":94,"column":12},"end":{"line":94,"column":61}}]},"10":{"line":102,"type":"binary-expr","locations":[{"start":{"line":102,"column":45},"end":{"line":102,"column":79},"skip":true},{"start":{"line":102,"column":83},"end":{"line":111,"column":9},"skip":true}]},"11":{"line":113,"type":"binary-expr","locations":[{"start":{"line":113,"column":42},"end":{"line":113,"column":73},"skip":true},{"start":{"line":113,"column":77},"end":{"line":125,"column":9},"skip":true}]},"12":{"line":127,"type":"binary-expr","locations":[{"start":{"line":127,"column":42},"end":{"line":127,"column":73},"skip":true},{"start":{"line":127,"column":77},"end":{"line":136,"column":9},"skip":true}]},"13":{"line":138,"type":"binary-expr","locations":[{"start":{"line":138,"column":45},"end":{"line":138,"column":79},"skip":true},{"start":{"line":138,"column":83},"end":{"line":147,"column":9},"skip":true}]},"14":{"line":149,"type":"binary-expr","locations":[{"start":{"line":149,"column":43},"end":{"line":149,"column":75},"skip":true},{"start":{"line":149,"column":79},"end":{"line":158,"column":9},"skip":true}]},"15":{"line":160,"type":"binary-expr","locations":[{"start":{"line":160,"column":41},"end":{"line":160,"column":71},"skip":true},{"start":{"line":160,"column":75},"end":{"line":169,"column":9},"skip":true}]}},"code":["/* istanbul instrument in package npmtest_gulp_typescript */","/*jslint","    bitwise: true,","    browser: true,","    maxerr: 8,","    maxlen: 96,","    node: true,","    nomen: true,","    regexp: true,","    stupid: true","*/","(function () {","    'use strict';","    var local;","","","","    // run shared js-env code - pre-init","    (function () {","        // init local","        local = {};","        // init modeJs","        local.modeJs = (function () {","            try {","                return typeof navigator.userAgent === 'string' &&","                    typeof document.querySelector('body') === 'object' &&","                    typeof XMLHttpRequest.prototype.open === 'function' &&","                    'browser';","            } catch (errorCaughtBrowser) {","                return module.exports &&","                    typeof process.versions.node === 'string' &&","                    typeof require('http').createServer === 'function' &&","                    'node';","            }","        }());","        // init global","        local.global = local.modeJs === 'browser'","            ? window","            : global;","        switch (local.modeJs) {","        // re-init local from window.local","        case 'browser':","            local = local.global.utility2.objectSetDefault(","                local.global.utility2_rollup || local.global.local,","                local.global.utility2","            );","            break;","        // re-init local from example.js","        case 'node':","            local = (local.global.utility2_rollup || require('utility2'))","                .requireExampleJsFromReadme();","            break;","        }","        // export local","        local.global.local = local;","    }());","","","","    // run shared js-env code - function","    (function () {","        return;","    }());","    switch (local.modeJs) {","","","","    // run browser js-env code - function","    case 'browser':","        break;","","","","    // run node js-env code - function","    case 'node':","        break;","    }","","","","    // run shared js-env code - post-init","    (function () {","        return;","    }());","    switch (local.modeJs) {","","","","    // run browser js-env code - post-init","    case 'browser':","        // run tests","        local.nop(local.modeTest &&","            document.querySelector('#testRunButton1') &&","            document.querySelector('#testRunButton1').click());","        break;","","","","    // run node js-env code - post-init","    /* istanbul ignore next */","    case 'node':","        local.testCase_buildApidoc_default = local.testCase_buildApidoc_default || function (","            options,","            onError","        ) {","        /*","         * this function will test buildApidoc's default handling-behavior-behavior","         */","            options = { modulePathList: module.paths };","            local.buildApidoc(options, onError);","        };","","        local.testCase_buildApp_default = local.testCase_buildApp_default || function (","            options,","            onError","        ) {","        /*","         * this function will test buildApp's default handling-behavior-behavior","         */","            local.testCase_buildReadme_default(options, local.onErrorThrow);","            local.testCase_buildLib_default(options, local.onErrorThrow);","            local.testCase_buildTest_default(options, local.onErrorThrow);","            options = [];","            local.buildApp(options, onError);","        };","","        local.testCase_buildLib_default = local.testCase_buildLib_default || function (","            options,","            onError","        ) {","        /*","         * this function will test buildLib's default handling-behavior","         */","            options = {};","            local.buildLib(options, onError);","        };","","        local.testCase_buildReadme_default = local.testCase_buildReadme_default || function (","            options,","            onError","        ) {","        /*","         * this function will test buildReadme's default handling-behavior-behavior","         */","            options = {};","            local.buildReadme(options, onError);","        };","","        local.testCase_buildTest_default = local.testCase_buildTest_default || function (","            options,","            onError","        ) {","        /*","         * this function will test buildTest's default handling-behavior","         */","            options = {};","            local.buildTest(options, onError);","        };","","        local.testCase_webpage_default = local.testCase_webpage_default || function (","            options,","            onError","        ) {","        /*","         * this function will test webpage's default handling-behavior","         */","            options = { modeCoverageMerge: true, url: local.serverLocalHost + '?modeTest=1' };","            local.browserTest(options, onError);","        };","","        // run test-server","        local.testRunServer(local);","        break;","    }","}());",""],"l":{"12":2,"14":2,"19":2,"21":2,"23":2,"24":2,"25":2,"30":1,"37":2,"40":2,"43":1,"47":1,"50":1,"52":1,"55":2,"61":2,"62":2,"64":2,"70":1,"76":1,"82":2,"83":2,"85":2,"92":1,"95":1,"102":1,"109":1,"110":1,"113":1,"120":1,"121":1,"122":1,"123":1,"124":1,"127":1,"134":2,"135":2,"138":1,"145":2,"146":2,"149":1,"156":2,"157":2,"160":1,"167":1,"168":1,"172":1,"173":1}},"/home/travis/build/npmtest/node-npmtest-gulp-typescript/lib.npmtest_gulp_typescript.js":{"path":"/home/travis/build/npmtest/node-npmtest-gulp-typescript/lib.npmtest_gulp_typescript.js","s":{"1":2,"2":2,"3":2,"4":2,"5":2,"6":2,"7":2,"8":1,"9":2,"10":2,"11":2,"12":2,"13":1,"14":1,"15":1,"16":1},"b":{"1":[2,1,1,1],"2":[1,1,1,1],"3":[1,1],"4":[2,2],"5":[1,1]},"f":{"1":2,"2":2,"3":2},"fnMap":{"1":{"name":"(anonymous_1)","line":12,"loc":{"start":{"line":12,"column":1},"end":{"line":12,"column":13}}},"2":{"name":"(anonymous_2)","line":19,"loc":{"start":{"line":19,"column":5},"end":{"line":19,"column":17}}},"3":{"name":"(anonymous_3)","line":23,"loc":{"start":{"line":23,"column":24},"end":{"line":23,"column":36}}}},"statementMap":{"1":{"start":{"line":12,"column":0},"end":{"line":53,"column":5}},"2":{"start":{"line":14,"column":4},"end":{"line":14,"column":14}},"3":{"start":{"line":19,"column":4},"end":{"line":52,"column":9}},"4":{"start":{"line":21,"column":8},"end":{"line":21,"column":19}},"5":{"start":{"line":23,"column":8},"end":{"line":35,"column":13}},"6":{"start":{"line":24,"column":12},"end":{"line":34,"column":13}},"7":{"start":{"line":25,"column":16},"end":{"line":28,"column":30}},"8":{"start":{"line":30,"column":16},"end":{"line":33,"column":27}},"9":{"start":{"line":37,"column":8},"end":{"line":39,"column":21}},"10":{"start":{"line":41,"column":8},"end":{"line":41,"column":54}},"11":{"start":{"line":43,"column":8},"end":{"line":43,"column":60}},"12":{"start":{"line":45,"column":8},"end":{"line":51,"column":9}},"13":{"start":{"line":46,"column":12},"end":{"line":46,"column":66}},"14":{"start":{"line":48,"column":12},"end":{"line":48,"column":35}},"15":{"start":{"line":49,"column":12},"end":{"line":49,"column":49}},"16":{"start":{"line":50,"column":12},"end":{"line":50,"column":43}}},"branchMap":{"1":{"line":25,"type":"binary-expr","locations":[{"start":{"line":25,"column":23},"end":{"line":25,"column":62}},{"start":{"line":26,"column":20},"end":{"line":26,"column":70}},{"start":{"line":27,"column":20},"end":{"line":27,"column":71}},{"start":{"line":28,"column":20},"end":{"line":28,"column":29}}]},"2":{"line":30,"type":"binary-expr","locations":[{"start":{"line":30,"column":23},"end":{"line":30,"column":37}},{"start":{"line":31,"column":20},"end":{"line":31,"column":61}},{"start":{"line":32,"column":20},"end":{"line":32,"column":70}},{"start":{"line":33,"column":20},"end":{"line":33,"column":26}}]},"3":{"line":37,"type":"cond-expr","locations":[{"start":{"line":38,"column":14},"end":{"line":38,"column":20}},{"start":{"line":39,"column":14},"end":{"line":39,"column":20}}]},"4":{"line":41,"type":"binary-expr","locations":[{"start":{"line":41,"column":16},"end":{"line":41,"column":44}},{"start":{"line":41,"column":48},"end":{"line":41,"column":53}}]},"5":{"line":45,"type":"if","locations":[{"start":{"line":45,"column":8},"end":{"line":45,"column":8}},{"start":{"line":45,"column":8},"end":{"line":45,"column":8}}]}},"code":["/* istanbul instrument in package npmtest_gulp_typescript */","/*jslint","    bitwise: true,","    browser: true,","    maxerr: 8,","    maxlen: 96,","    node: true,","    nomen: true,","    regexp: true,","    stupid: true","*/","(function () {","    'use strict';","    var local;","","","","    // run shared js-env code - pre-init","    (function () {","        // init local","        local = {};","        // init modeJs","        local.modeJs = (function () {","            try {","                return typeof navigator.userAgent === 'string' &&","                    typeof document.querySelector('body') === 'object' &&","                    typeof XMLHttpRequest.prototype.open === 'function' &&","                    'browser';","            } catch (errorCaughtBrowser) {","                return module.exports &&","                    typeof process.versions.node === 'string' &&","                    typeof require('http').createServer === 'function' &&","                    'node';","            }","        }());","        // init global","        local.global = local.modeJs === 'browser'","            ? window","            : global;","        // init utility2_rollup","        local = local.global.utility2_rollup || local;","        // init lib","        local.local = local.npmtest_gulp_typescript = local;","        // init exports","        if (local.modeJs === 'browser') {","            local.global.utility2_npmtest_gulp_typescript = local;","        } else {","            module.exports = local;","            module.exports.__dirname = __dirname;","            module.exports.module = module;","        }","    }());","}());",""],"l":{"12":2,"14":2,"19":2,"21":2,"23":2,"24":2,"25":2,"30":1,"37":2,"41":2,"43":2,"45":2,"46":1,"48":1,"49":1,"50":1}},"/home/travis/build/npmtest/node-npmtest-gulp-typescript/example.js":{"path":"/home/travis/build/npmtest/node-npmtest-gulp-typescript/example.js","s":{"1":2,"2":2,"3":2,"4":2,"5":2,"6":2,"7":2,"8":1,"9":2,"10":2,"11":2,"12":2,"13":1,"14":2,"15":2,"16":2,"17":2,"18":2,"19":0,"20":2,"21":1,"22":1,"23":1,"24":1,"25":1,"26":0,"27":0,"28":1,"29":1,"30":2,"31":0,"32":0,"33":0,"34":1,"35":2,"36":2,"37":2,"38":2,"39":2,"40":2,"41":0,"42":2,"43":2,"44":2,"45":1,"46":3,"47":1,"48":1,"49":1,"50":1,"51":1,"52":1,"53":1,"54":1,"55":1,"56":1,"57":0,"58":1,"59":6,"60":6,"61":1,"62":2,"63":0,"64":2,"65":1,"66":1,"67":0,"68":0,"69":0,"70":0,"71":0,"72":0,"73":0,"74":0,"75":0,"76":0,"77":0,"78":0,"79":0,"80":0,"81":0,"82":0,"83":0},"b":{"1":[2,1,1,1],"2":[1,1,1,1],"3":[1,1],"4":[2,2],"5":[1,1],"6":[1,1],"7":[2,0],"8":[2,1,1,1,1,1],"9":[0,2,0],"10":[1,1],"11":[2,1,1],"12":[1,0],"13":[0,2],"14":[2,0,0,0,0,0,0],"15":[0,2],"16":[2,0],"17":[1,1],"18":[0,1],"19":[1,2,0,2],"20":[1,0],"21":[1,1],"22":[0,0],"23":[0,0],"24":[0,0],"25":[0,0],"26":[0,0],"27":[0,0],"28":[0,0]},"f":{"1":2,"2":2,"3":2,"4":2,"5":2,"6":2,"7":2,"8":2,"9":3,"10":1,"11":6,"12":0},"fnMap":{"1":{"name":"(anonymous_1)","line":26,"loc":{"start":{"line":26,"column":1},"end":{"line":26,"column":13}}},"2":{"name":"(anonymous_2)","line":33,"loc":{"start":{"line":33,"column":5},"end":{"line":33,"column":17}}},"3":{"name":"(anonymous_3)","line":37,"loc":{"start":{"line":37,"column":24},"end":{"line":37,"column":36}}},"4":{"name":"(anonymous_4)","line":69,"loc":{"start":{"line":69,"column":31},"end":{"line":69,"column":48}},"skip":true},"5":{"name":"(anonymous_5)","line":78,"loc":{"start":{"line":78,"column":26},"end":{"line":78,"column":45}},"skip":true},"6":{"name":"(anonymous_6)","line":123,"loc":{"start":{"line":123,"column":33},"end":{"line":123,"column":48}},"skip":true},"7":{"name":"(anonymous_7)","line":125,"loc":{"start":{"line":125,"column":27},"end":{"line":125,"column":39}},"skip":true},"8":{"name":"(anonymous_8)","line":133,"loc":{"start":{"line":133,"column":59},"end":{"line":133,"column":74}},"skip":true},"9":{"name":"(anonymous_9)","line":143,"loc":{"start":{"line":143,"column":45},"end":{"line":143,"column":62}},"skip":true},"10":{"name":"(anonymous_10)","line":144,"loc":{"start":{"line":144,"column":73},"end":{"line":144,"column":92}},"skip":true},"11":{"name":"(anonymous_11)","line":272,"loc":{"start":{"line":272,"column":51},"end":{"line":272,"column":77}},"skip":true},"12":{"name":"(anonymous_12)","line":314,"loc":{"start":{"line":314,"column":32},"end":{"line":314,"column":61}},"skip":true}},"statementMap":{"1":{"start":{"line":26,"column":0},"end":{"line":325,"column":5}},"2":{"start":{"line":28,"column":4},"end":{"line":28,"column":14}},"3":{"start":{"line":33,"column":4},"end":{"line":60,"column":9}},"4":{"start":{"line":35,"column":8},"end":{"line":35,"column":19}},"5":{"start":{"line":37,"column":8},"end":{"line":49,"column":13}},"6":{"start":{"line":38,"column":12},"end":{"line":48,"column":13}},"7":{"start":{"line":39,"column":16},"end":{"line":42,"column":30}},"8":{"start":{"line":44,"column":16},"end":{"line":47,"column":27}},"9":{"start":{"line":51,"column":8},"end":{"line":53,"column":21}},"10":{"start":{"line":55,"column":8},"end":{"line":57,"column":45}},"11":{"start":{"line":59,"column":8},"end":{"line":59,"column":35}},"12":{"start":{"line":61,"column":4},"end":{"line":324,"column":5}},"13":{"start":{"line":69,"column":8},"end":{"line":121,"column":10},"skip":true},"14":{"start":{"line":70,"column":12},"end":{"line":88,"column":13},"skip":true},"15":{"start":{"line":76,"column":16},"end":{"line":87,"column":19},"skip":true},"16":{"start":{"line":79,"column":20},"end":{"line":86,"column":21},"skip":true},"17":{"start":{"line":82,"column":24},"end":{"line":82,"column":43},"skip":true},"18":{"start":{"line":83,"column":24},"end":{"line":83,"column":30},"skip":true},"19":{"start":{"line":85,"column":24},"end":{"line":85,"column":49},"skip":true},"20":{"start":{"line":89,"column":12},"end":{"line":107,"column":13},"skip":true},"21":{"start":{"line":92,"column":16},"end":{"line":102,"column":17},"skip":true},"22":{"start":{"line":93,"column":20},"end":{"line":93,"column":86},"skip":true},"23":{"start":{"line":94,"column":20},"end":{"line":95,"column":45},"skip":true},"24":{"start":{"line":96,"column":20},"end":{"line":96,"column":42},"skip":true},"25":{"start":{"line":97,"column":20},"end":{"line":97,"column":48},"skip":true},"26":{"start":{"line":100,"column":20},"end":{"line":100,"column":85},"skip":true},"27":{"start":{"line":101,"column":20},"end":{"line":101,"column":96},"skip":true},"28":{"start":{"line":103,"column":16},"end":{"line":103,"column":22},"skip":true},"29":{"start":{"line":106,"column":16},"end":{"line":106,"column":22},"skip":true},"30":{"start":{"line":108,"column":12},"end":{"line":120,"column":13},"skip":true},"31":{"start":{"line":114,"column":16},"end":{"line":119,"column":17},"skip":true},"32":{"start":{"line":116,"column":20},"end":{"line":116,"column":78},"skip":true},"33":{"start":{"line":118,"column":20},"end":{"line":118,"column":53},"skip":true},"34":{"start":{"line":123,"column":8},"end":{"line":141,"column":11},"skip":true},"35":{"start":{"line":124,"column":12},"end":{"line":124,"column":54},"skip":true},"36":{"start":{"line":125,"column":12},"end":{"line":140,"column":14},"skip":true},"37":{"start":{"line":126,"column":16},"end":{"line":126,"column":28},"skip":true},"38":{"start":{"line":127,"column":16},"end":{"line":127,"column":69},"skip":true},"39":{"start":{"line":128,"column":16},"end":{"line":128,"column":75},"skip":true},"40":{"start":{"line":129,"column":16},"end":{"line":131,"column":17},"skip":true},"41":{"start":{"line":130,"column":20},"end":{"line":130,"column":27},"skip":true},"42":{"start":{"line":133,"column":16},"end":{"line":137,"column":36},"skip":true},"43":{"start":{"line":134,"column":20},"end":{"line":136,"column":55},"skip":true},"44":{"start":{"line":139,"column":16},"end":{"line":139,"column":57},"skip":true},"45":{"start":{"line":143,"column":8},"end":{"line":147,"column":11},"skip":true},"46":{"start":{"line":144,"column":12},"end":{"line":146,"column":15},"skip":true},"47":{"start":{"line":145,"column":16},"end":{"line":145,"column":70},"skip":true},"48":{"start":{"line":149,"column":8},"end":{"line":149,"column":31},"skip":true},"49":{"start":{"line":150,"column":8},"end":{"line":150,"column":14},"skip":true},"50":{"start":{"line":158,"column":8},"end":{"line":158,"column":31},"skip":true},"51":{"start":{"line":160,"column":8},"end":{"line":160,"column":33},"skip":true},"52":{"start":{"line":161,"column":8},"end":{"line":161,"column":37},"skip":true},"53":{"start":{"line":162,"column":8},"end":{"line":162,"column":35},"skip":true},"54":{"start":{"line":164,"column":8},"end":{"line":164,"column":50},"skip":true},"55":{"start":{"line":166,"column":8},"end":{"line":256,"column":2},"skip":true},"56":{"start":{"line":258,"column":8},"end":{"line":286,"column":9},"skip":true},"57":{"start":{"line":259,"column":12},"end":{"line":269,"column":14},"skip":true},"58":{"start":{"line":271,"column":12},"end":{"line":285,"column":19},"skip":true},"59":{"start":{"line":274,"column":20},"end":{"line":274,"column":35},"skip":true},"60":{"start":{"line":275,"column":20},"end":{"line":284,"column":21},"skip":true},"61":{"start":{"line":277,"column":24},"end":{"line":277,"column":64},"skip":true},"62":{"start":{"line":279,"column":24},"end":{"line":279,"column":40},"skip":true},"63":{"start":{"line":281,"column":24},"end":{"line":281,"column":40},"skip":true},"64":{"start":{"line":283,"column":24},"end":{"line":283,"column":39},"skip":true},"65":{"start":{"line":288,"column":8},"end":{"line":290,"column":9},"skip":true},"66":{"start":{"line":289,"column":12},"end":{"line":289,"column":18},"skip":true},"67":{"start":{"line":291,"column":8},"end":{"line":293,"column":54},"skip":true},"68":{"start":{"line":294,"column":8},"end":{"line":301,"column":37},"skip":true},"69":{"start":{"line":302,"column":8},"end":{"line":302,"column":82},"skip":true},"70":{"start":{"line":305,"column":8},"end":{"line":307,"column":9},"skip":true},"71":{"start":{"line":306,"column":12},"end":{"line":306,"column":82},"skip":true},"72":{"start":{"line":309,"column":8},"end":{"line":311,"column":9},"skip":true},"73":{"start":{"line":310,"column":12},"end":{"line":310,"column":18},"skip":true},"74":{"start":{"line":312,"column":8},"end":{"line":312,"column":54},"skip":true},"75":{"start":{"line":313,"column":8},"end":{"line":313,"column":69},"skip":true},"76":{"start":{"line":314,"column":8},"end":{"line":322,"column":36},"skip":true},"77":{"start":{"line":315,"column":12},"end":{"line":315,"column":61},"skip":true},"78":{"start":{"line":316,"column":12},"end":{"line":319,"column":13},"skip":true},"79":{"start":{"line":317,"column":16},"end":{"line":317,"column":75},"skip":true},"80":{"start":{"line":318,"column":16},"end":{"line":318,"column":23},"skip":true},"81":{"start":{"line":320,"column":12},"end":{"line":320,"column":38},"skip":true},"82":{"start":{"line":321,"column":12},"end":{"line":321,"column":27},"skip":true},"83":{"start":{"line":323,"column":8},"end":{"line":323,"column":14},"skip":true}},"branchMap":{"1":{"line":39,"type":"binary-expr","locations":[{"start":{"line":39,"column":23},"end":{"line":39,"column":62}},{"start":{"line":40,"column":20},"end":{"line":40,"column":70}},{"start":{"line":41,"column":20},"end":{"line":41,"column":71}},{"start":{"line":42,"column":20},"end":{"line":42,"column":29}}]},"2":{"line":44,"type":"binary-expr","locations":[{"start":{"line":44,"column":23},"end":{"line":44,"column":37}},{"start":{"line":45,"column":20},"end":{"line":45,"column":61}},{"start":{"line":46,"column":20},"end":{"line":46,"column":70}},{"start":{"line":47,"column":20},"end":{"line":47,"column":26}}]},"3":{"line":51,"type":"cond-expr","locations":[{"start":{"line":52,"column":14},"end":{"line":52,"column":20}},{"start":{"line":53,"column":14},"end":{"line":53,"column":20}}]},"4":{"line":55,"type":"binary-expr","locations":[{"start":{"line":55,"column":16},"end":{"line":55,"column":44}},{"start":{"line":55,"column":49},"end":{"line":57,"column":43}}]},"5":{"line":55,"type":"cond-expr","locations":[{"start":{"line":56,"column":14},"end":{"line":56,"column":59}},{"start":{"line":57,"column":14},"end":{"line":57,"column":43}}]},"6":{"line":61,"type":"switch","locations":[{"start":{"line":68,"column":4},"end":{"line":150,"column":14},"skip":true},{"start":{"line":156,"column":4},"end":{"line":323,"column":14},"skip":true}]},"7":{"line":70,"type":"if","locations":[{"start":{"line":70,"column":12},"end":{"line":70,"column":12},"skip":true},{"start":{"line":70,"column":12},"end":{"line":70,"column":12},"skip":true}]},"8":{"line":70,"type":"binary-expr","locations":[{"start":{"line":70,"column":16},"end":{"line":70,"column":22},"skip":true},{"start":{"line":70,"column":27},"end":{"line":70,"column":32},"skip":true},{"start":{"line":71,"column":20},"end":{"line":71,"column":39},"skip":true},{"start":{"line":72,"column":20},"end":{"line":72,"column":49},"skip":true},{"start":{"line":73,"column":20},"end":{"line":73,"column":58},"skip":true},{"start":{"line":74,"column":20},"end":{"line":74,"column":69},"skip":true}]},"9":{"line":79,"type":"switch","locations":[{"start":{"line":80,"column":20},"end":{"line":80,"column":33},"skip":true},{"start":{"line":81,"column":20},"end":{"line":83,"column":30},"skip":true},{"start":{"line":84,"column":20},"end":{"line":85,"column":49},"skip":true}]},"10":{"line":89,"type":"switch","locations":[{"start":{"line":90,"column":12},"end":{"line":103,"column":22},"skip":true},{"start":{"line":105,"column":12},"end":{"line":106,"column":22},"skip":true}]},"11":{"line":89,"type":"binary-expr","locations":[{"start":{"line":89,"column":20},"end":{"line":89,"column":25},"skip":true},{"start":{"line":89,"column":29},"end":{"line":89,"column":48},"skip":true},{"start":{"line":89,"column":52},"end":{"line":89,"column":74},"skip":true}]},"12":{"line":92,"type":"if","locations":[{"start":{"line":92,"column":16},"end":{"line":92,"column":16},"skip":true},{"start":{"line":92,"column":16},"end":{"line":92,"column":16},"skip":true}]},"13":{"line":108,"type":"if","locations":[{"start":{"line":108,"column":12},"end":{"line":108,"column":12},"skip":true},{"start":{"line":108,"column":12},"end":{"line":108,"column":12},"skip":true}]},"14":{"line":108,"type":"binary-expr","locations":[{"start":{"line":108,"column":16},"end":{"line":108,"column":61},"skip":true},{"start":{"line":108,"column":66},"end":{"line":108,"column":72},"skip":true},{"start":{"line":108,"column":77},"end":{"line":108,"column":82},"skip":true},{"start":{"line":109,"column":20},"end":{"line":109,"column":39},"skip":true},{"start":{"line":110,"column":20},"end":{"line":110,"column":49},"skip":true},{"start":{"line":111,"column":20},"end":{"line":111,"column":58},"skip":true},{"start":{"line":112,"column":20},"end":{"line":112,"column":68},"skip":true}]},"15":{"line":129,"type":"if","locations":[{"start":{"line":129,"column":16},"end":{"line":129,"column":16},"skip":true},{"start":{"line":129,"column":16},"end":{"line":129,"column":16},"skip":true}]},"16":{"line":134,"type":"cond-expr","locations":[{"start":{"line":135,"column":26},"end":{"line":135,"column":29},"skip":true},{"start":{"line":136,"column":26},"end":{"line":136,"column":54},"skip":true}]},"17":{"line":164,"type":"binary-expr","locations":[{"start":{"line":164,"column":27},"end":{"line":164,"column":43},"skip":true},{"start":{"line":164,"column":47},"end":{"line":164,"column":49},"skip":true}]},"18":{"line":258,"type":"if","locations":[{"start":{"line":258,"column":8},"end":{"line":258,"column":8},"skip":true},{"start":{"line":258,"column":8},"end":{"line":258,"column":8},"skip":true}]},"19":{"line":275,"type":"switch","locations":[{"start":{"line":276,"column":20},"end":{"line":277,"column":64},"skip":true},{"start":{"line":278,"column":20},"end":{"line":279,"column":40},"skip":true},{"start":{"line":280,"column":20},"end":{"line":281,"column":40},"skip":true},{"start":{"line":282,"column":20},"end":{"line":283,"column":39},"skip":true}]},"20":{"line":288,"type":"if","locations":[{"start":{"line":288,"column":8},"end":{"line":288,"column":8},"skip":true},{"start":{"line":288,"column":8},"end":{"line":288,"column":8},"skip":true}]},"21":{"line":288,"type":"binary-expr","locations":[{"start":{"line":288,"column":12},"end":{"line":288,"column":40},"skip":true},{"start":{"line":288,"column":44},"end":{"line":288,"column":67},"skip":true}]},"22":{"line":292,"type":"binary-expr","locations":[{"start":{"line":292,"column":12},"end":{"line":292,"column":50},"skip":true},{"start":{"line":293,"column":12},"end":{"line":293,"column":53},"skip":true}]},"23":{"line":295,"type":"binary-expr","locations":[{"start":{"line":295,"column":12},"end":{"line":295,"column":73},"skip":true},{"start":{"line":296,"column":12},"end":{"line":301,"column":36},"skip":true}]},"24":{"line":302,"type":"binary-expr","locations":[{"start":{"line":302,"column":43},"end":{"line":302,"column":75},"skip":true},{"start":{"line":302,"column":79},"end":{"line":302,"column":81},"skip":true}]},"25":{"line":305,"type":"if","locations":[{"start":{"line":305,"column":8},"end":{"line":305,"column":8},"skip":true},{"start":{"line":305,"column":8},"end":{"line":305,"column":8},"skip":true}]},"26":{"line":309,"type":"if","locations":[{"start":{"line":309,"column":8},"end":{"line":309,"column":8},"skip":true},{"start":{"line":309,"column":8},"end":{"line":309,"column":8},"skip":true}]},"27":{"line":312,"type":"binary-expr","locations":[{"start":{"line":312,"column":27},"end":{"line":312,"column":43},"skip":true},{"start":{"line":312,"column":47},"end":{"line":312,"column":53},"skip":true}]},"28":{"line":316,"type":"if","locations":[{"start":{"line":316,"column":12},"end":{"line":316,"column":12},"skip":true},{"start":{"line":316,"column":12},"end":{"line":316,"column":12},"skip":true}]}},"code":["/*","example.js","","quickstart example","","instruction","    1. save this script as example.js","    2. run the shell command:","        $ npm install npmtest-gulp-typescript && PORT=8081 node example.js","    3. play with the browser-demo on http://127.0.0.1:8081","*/","","","","/* istanbul instrument in package npmtest_gulp_typescript */","/*jslint","    bitwise: true,","    browser: true,","    maxerr: 8,","    maxlen: 96,","    node: true,","    nomen: true,","    regexp: true,","    stupid: true","*/","(function () {","    'use strict';","    var local;","","","","    // run shared js-env code - pre-init","    (function () {","        // init local","        local = {};","        // init modeJs","        local.modeJs = (function () {","            try {","                return typeof navigator.userAgent === 'string' &&","                    typeof document.querySelector('body') === 'object' &&","                    typeof XMLHttpRequest.prototype.open === 'function' &&","                    'browser';","            } catch (errorCaughtBrowser) {","                return module.exports &&","                    typeof process.versions.node === 'string' &&","                    typeof require('http').createServer === 'function' &&","                    'node';","            }","        }());","        // init global","        local.global = local.modeJs === 'browser'","            ? window","            : global;","        // init utility2_rollup","        local = local.global.utility2_rollup || (local.modeJs === 'browser'","            ? local.global.utility2_npmtest_gulp_typescript","            : global.utility2_moduleExports);","        // export local","        local.global.local = local;","    }());","    switch (local.modeJs) {","","","","    // post-init","    // run browser js-env code - post-init","    /* istanbul ignore next */","    case 'browser':","        local.testRunBrowser = function (event) {","            if (!event || (event &&","                    event.currentTarget &&","                    event.currentTarget.className &&","                    event.currentTarget.className.includes &&","                    event.currentTarget.className.includes('onreset'))) {","                // reset output","                Array.from(","                    document.querySelectorAll('body > .resettable')","                ).forEach(function (element) {","                    switch (element.tagName) {","                    case 'INPUT':","                    case 'TEXTAREA':","                        element.value = '';","                        break;","                    default:","                        element.textContent = '';","                    }","                });","            }","            switch (event && event.currentTarget && event.currentTarget.id) {","            case 'testRunButton1':","                // show tests","                if (document.querySelector('#testReportDiv1').style.display === 'none') {","                    document.querySelector('#testReportDiv1').style.display = 'block';","                    document.querySelector('#testRunButton1').textContent =","                        'hide internal test';","                    local.modeTest = true;","                    local.testRunDefault(local);","                // hide tests","                } else {","                    document.querySelector('#testReportDiv1').style.display = 'none';","                    document.querySelector('#testRunButton1').textContent = 'run internal test';","                }","                break;","            // custom-case","            default:","                break;","            }","            if (document.querySelector('#inputTextareaEval1') && (!event || (event &&","                    event.currentTarget &&","                    event.currentTarget.className &&","                    event.currentTarget.className.includes &&","                    event.currentTarget.className.includes('oneval')))) {","                // try to eval input-code","                try {","                    /*jslint evil: true*/","                    eval(document.querySelector('#inputTextareaEval1').value);","                } catch (errorCaught) {","                    console.error(errorCaught.stack);","                }","            }","        };","        // log stderr and stdout to #outputTextareaStdout1","        ['error', 'log'].forEach(function (key) {","            console[key + '_original'] = console[key];","            console[key] = function () {","                var element;","                console[key + '_original'].apply(console, arguments);","                element = document.querySelector('#outputTextareaStdout1');","                if (!element) {","                    return;","                }","                // append text to #outputTextareaStdout1","                element.value += Array.from(arguments).map(function (arg) {","                    return typeof arg === 'string'","                        ? arg","                        : JSON.stringify(arg, null, 4);","                }).join(' ') + '\\n';","                // scroll textarea to bottom","                element.scrollTop = element.scrollHeight;","            };","        });","        // init event-handling","        ['change', 'click', 'keyup'].forEach(function (event) {","            Array.from(document.querySelectorAll('.on' + event)).forEach(function (element) {","                element.addEventListener(event, local.testRunBrowser);","            });","        });","        // run tests","        local.testRunBrowser();","        break;","","","","    // run node js-env code - post-init","    /* istanbul ignore next */","    case 'node':","        // export local","        module.exports = local;","        // require modules","        local.fs = require('fs');","        local.http = require('http');","        local.url = require('url');","        // init assets","        local.assetsDict = local.assetsDict || {};","        /* jslint-ignore-begin */","        local.assetsDict['/assets.index.template.html'] = '\\","<!doctype html>\\n\\","<html lang=\"en\">\\n\\","<head>\\n\\","<meta charset=\"UTF-8\">\\n\\","<meta name=\"viewport\" content=\"width=device-width, initial-scale=1\">\\n\\","<title>{{env.npm_package_name}} (v{{env.npm_package_version}})</title>\\n\\","<style>\\n\\","/*csslint\\n\\","    box-sizing: false,\\n\\","    universal-selector: false\\n\\","*/\\n\\","* {\\n\\","    box-sizing: border-box;\\n\\","}\\n\\","body {\\n\\","    background: #dde;\\n\\","    font-family: Arial, Helvetica, sans-serif;\\n\\","    margin: 2rem;\\n\\","}\\n\\","body > * {\\n\\","    margin-bottom: 1rem;\\n\\","}\\n\\",".utility2FooterDiv {\\n\\","    margin-top: 20px;\\n\\","    text-align: center;\\n\\","}\\n\\","</style>\\n\\","<style>\\n\\","/*csslint\\n\\","*/\\n\\","textarea {\\n\\","    font-family: monospace;\\n\\","    height: 10rem;\\n\\","    width: 100%;\\n\\","}\\n\\","textarea[readonly] {\\n\\","    background: #ddd;\\n\\","}\\n\\","</style>\\n\\","</head>\\n\\","<body>\\n\\","<!-- utility2-comment\\n\\","<div id=\"ajaxProgressDiv1\" style=\"background: #d00; height: 2px; left: 0; margin: 0; padding: 0; position: fixed; top: 0; transition: background 0.5s, width 1.5s; width: 25%;\"></div>\\n\\","utility2-comment -->\\n\\","<h1>\\n\\","<!-- utility2-comment\\n\\","    <a\\n\\","        {{#if env.npm_package_homepage}}\\n\\","        href=\"{{env.npm_package_homepage}}\"\\n\\","        {{/if env.npm_package_homepage}}\\n\\","        target=\"_blank\"\\n\\","    >\\n\\","utility2-comment -->\\n\\","        {{env.npm_package_name}} (v{{env.npm_package_version}})\\n\\","<!-- utility2-comment\\n\\","    </a>\\n\\","utility2-comment -->\\n\\","</h1>\\n\\","<h3>{{env.npm_package_description}}</h3>\\n\\","<!-- utility2-comment\\n\\","<h4><a download href=\"assets.app.js\">download standalone app</a></h4>\\n\\","<button class=\"onclick onreset\" id=\"testRunButton1\">run internal test</button><br>\\n\\","<div id=\"testReportDiv1\" style=\"display: none;\"></div>\\n\\","utility2-comment -->\\n\\","\\n\\","\\n\\","\\n\\","<label>stderr and stdout</label>\\n\\","<textarea class=\"resettable\" id=\"outputTextareaStdout1\" readonly></textarea>\\n\\","<!-- utility2-comment\\n\\","{{#if isRollup}}\\n\\","<script src=\"assets.app.js\"></script>\\n\\","{{#unless isRollup}}\\n\\","utility2-comment -->\\n\\","<script src=\"assets.utility2.rollup.js\"></script>\\n\\","<script src=\"jsonp.utility2._stateInit?callback=window.utility2._stateInit\"></script>\\n\\","<script src=\"assets.npmtest_gulp_typescript.rollup.js\"></script>\\n\\","<script src=\"assets.example.js\"></script>\\n\\","<script src=\"assets.test.js\"></script>\\n\\","<!-- utility2-comment\\n\\","{{/if isRollup}}\\n\\","utility2-comment -->\\n\\","<div class=\"utility2FooterDiv\">\\n\\","    [ this app was created with\\n\\","    <a href=\"https://github.com/kaizhu256/node-utility2\" target=\"_blank\">utility2</a>\\n\\","    ]\\n\\","</div>\\n\\","</body>\\n\\","</html>\\n\\","';","        /* jslint-ignore-end */","        if (local.templateRender) {","            local.assetsDict['/'] = local.templateRender(","                local.assetsDict['/assets.index.template.html'],","                {","                    env: local.objectSetDefault(local.env, {","                        npm_package_description: 'the greatest app in the world!',","                        npm_package_name: 'my-app',","                        npm_package_nameAlias: 'my_app',","                        npm_package_version: '0.0.1'","                    })","                }","            );","        } else {","            local.assetsDict['/'] = local.assetsDict['/assets.index.template.html']","                .replace((/\\{\\{env\\.(\\w+?)\\}\\}/g), function (match0, match1) {","                    // jslint-hack","                    String(match0);","                    switch (match1) {","                    case 'npm_package_description':","                        return 'the greatest app in the world!';","                    case 'npm_package_name':","                        return 'my-app';","                    case 'npm_package_nameAlias':","                        return 'my_app';","                    case 'npm_package_version':","                        return '0.0.1';","                    }","                });","        }","        // run the cli","        if (local.global.utility2_rollup || module !== require.main) {","            break;","        }","        local.assetsDict['/assets.example.js'] =","            local.assetsDict['/assets.example.js'] ||","            local.fs.readFileSync(__filename, 'utf8');","        local.assetsDict['/assets.npmtest_gulp_typescript.rollup.js'] =","            local.assetsDict['/assets.npmtest_gulp_typescript.rollup.js'] ||","            local.fs.readFileSync(","                // buildCustomOrg-hack","                local.npmtest_gulp_typescript.__dirname +","                    '/lib.npmtest_gulp_typescript.js',","                'utf8'","            ).replace((/^#!/), '//');","        local.assetsDict['/favicon.ico'] = local.assetsDict['/favicon.ico'] || '';","        // if $npm_config_timeout_exit exists,","        // then exit this process after $npm_config_timeout_exit ms","        if (Number(process.env.npm_config_timeout_exit)) {","            setTimeout(process.exit, Number(process.env.npm_config_timeout_exit));","        }","        // start server","        if (local.global.utility2_serverHttp1) {","            break;","        }","        process.env.PORT = process.env.PORT || '8081';","        console.error('server starting on port ' + process.env.PORT);","        local.http.createServer(function (request, response) {","            request.urlParsed = local.url.parse(request.url);","            if (local.assetsDict[request.urlParsed.pathname] !== undefined) {","                response.end(local.assetsDict[request.urlParsed.pathname]);","                return;","            }","            response.statusCode = 404;","            response.end();","        }).listen(process.env.PORT);","        break;","    }","}());",""],"l":{"26":2,"28":2,"33":2,"35":2,"37":2,"38":2,"39":2,"44":1,"51":2,"55":2,"59":2,"61":2,"69":1,"70":2,"76":2,"79":2,"82":2,"83":2,"85":1,"89":2,"92":1,"93":1,"94":1,"96":1,"97":1,"100":1,"101":1,"103":1,"106":1,"108":2,"114":1,"116":1,"118":1,"123":1,"124":2,"125":2,"126":2,"127":2,"128":2,"129":2,"130":1,"133":2,"134":2,"139":2,"143":1,"144":3,"145":1,"149":1,"150":1,"158":1,"160":1,"161":1,"162":1,"164":1,"166":1,"258":1,"259":1,"271":1,"274":6,"275":6,"277":1,"279":2,"281":1,"283":2,"288":1,"289":1,"291":1,"294":1,"302":1,"305":1,"306":1,"309":1,"310":1,"312":1,"313":1,"314":1,"315":1,"316":1,"317":1,"318":1,"320":1,"321":1,"323":1}},"/home/travis/build/npmtest/node-npmtest-gulp-typescript/gulp-typescript/release/main.js":{"path":"/home/travis/build/npmtest/node-npmtest-gulp-typescript/gulp-typescript/release/main.js","s":{"1":1,"2":1,"3":1,"4":1,"5":1,"6":1,"7":0,"8":0,"9":0,"10":0,"11":0,"12":0,"13":0,"14":0,"15":0,"16":0,"17":1,"18":0,"19":0,"20":0,"21":0,"22":0,"23":0,"24":1,"25":0,"26":0,"27":0,"28":0,"29":0,"30":0,"31":0,"32":0,"33":0,"34":0,"35":0,"36":0,"37":0,"38":0,"39":0,"40":0,"41":0,"42":0,"43":0,"44":0,"45":0,"46":0,"47":0,"48":0,"49":1,"50":1,"51":1,"52":1,"53":0,"54":0,"55":0,"56":0,"57":0,"58":0,"59":0,"60":0,"61":0,"62":0,"63":0,"64":0,"65":0,"66":0,"67":0,"68":0,"69":0,"70":0,"71":0,"72":0,"73":0,"74":0,"75":0,"76":0,"77":0,"78":0,"79":1,"80":1,"81":0,"82":0,"83":0,"84":0,"85":1,"86":1},"b":{"1":[0,0],"2":[0,0],"3":[0,0],"4":[0,0],"5":[0,0],"6":[0,0],"7":[0,0],"8":[0,0],"9":[0,0],"10":[0,0],"11":[0,0,0,0,0,0,0],"12":[0,0],"13":[0,0],"14":[0,0],"15":[0,0],"16":[0,0],"17":[0,0],"18":[0,0],"19":[1,0]},"f":{"1":0,"2":0,"3":0,"4":1,"5":0,"6":0},"fnMap":{"1":{"name":"compile","line":7,"loc":{"start":{"line":7,"column":0},"end":{"line":7,"column":37}}},"2":{"name":"getTypeScript","line":26,"loc":{"start":{"line":26,"column":0},"end":{"line":26,"column":35}}},"3":{"name":"getCompilerOptions","line":37,"loc":{"start":{"line":37,"column":0},"end":{"line":37,"column":67}}},"4":{"name":"(anonymous_4)","line":77,"loc":{"start":{"line":77,"column":1},"end":{"line":77,"column":20}}},"5":{"name":"createProject","line":79,"loc":{"start":{"line":79,"column":4},"end":{"line":79,"column":57}}},"6":{"name":"filter","line":118,"loc":{"start":{"line":118,"column":4},"end":{"line":118,"column":22}}}},"statementMap":{"1":{"start":{"line":2,"column":0},"end":{"line":2,"column":23}},"2":{"start":{"line":3,"column":0},"end":{"line":3,"column":27}},"3":{"start":{"line":4,"column":0},"end":{"line":4,"column":36}},"4":{"start":{"line":5,"column":0},"end":{"line":5,"column":31}},"5":{"start":{"line":6,"column":0},"end":{"line":6,"column":38}},"6":{"start":{"line":7,"column":0},"end":{"line":25,"column":1}},"7":{"start":{"line":8,"column":4},"end":{"line":10,"column":5}},"8":{"start":{"line":9,"column":8},"end":{"line":9,"column":242}},"9":{"start":{"line":11,"column":4},"end":{"line":11,"column":13}},"10":{"start":{"line":12,"column":4},"end":{"line":23,"column":5}},"11":{"start":{"line":13,"column":8},"end":{"line":13,"column":21}},"12":{"start":{"line":14,"column":8},"end":{"line":19,"column":9}},"13":{"start":{"line":15,"column":12},"end":{"line":15,"column":217}},"14":{"start":{"line":18,"column":12},"end":{"line":18,"column":199}},"15":{"start":{"line":22,"column":8},"end":{"line":22,"column":50}},"16":{"start":{"line":24,"column":4},"end":{"line":24,"column":29}},"17":{"start":{"line":26,"column":0},"end":{"line":36,"column":1}},"18":{"start":{"line":27,"column":4},"end":{"line":28,"column":26}},"19":{"start":{"line":28,"column":8},"end":{"line":28,"column":26}},"20":{"start":{"line":29,"column":4},"end":{"line":35,"column":5}},"21":{"start":{"line":30,"column":8},"end":{"line":30,"column":37}},"22":{"start":{"line":33,"column":8},"end":{"line":33,"column":326}},"23":{"start":{"line":34,"column":8},"end":{"line":34,"column":52}},"24":{"start":{"line":37,"column":0},"end":{"line":75,"column":1}},"25":{"start":{"line":38,"column":4},"end":{"line":38,"column":56}},"26":{"start":{"line":39,"column":4},"end":{"line":41,"column":5}},"27":{"start":{"line":40,"column":8},"end":{"line":40,"column":129}},"28":{"start":{"line":42,"column":4},"end":{"line":44,"column":5}},"29":{"start":{"line":43,"column":8},"end":{"line":43,"column":197}},"30":{"start":{"line":45,"column":4},"end":{"line":47,"column":5}},"31":{"start":{"line":46,"column":8},"end":{"line":46,"column":336}},"32":{"start":{"line":49,"column":4},"end":{"line":49,"column":25}},"33":{"start":{"line":50,"column":4},"end":{"line":65,"column":5}},"34":{"start":{"line":51,"column":8},"end":{"line":51,"column":28}},"35":{"start":{"line":52,"column":8},"end":{"line":55,"column":9}},"36":{"start":{"line":53,"column":12},"end":{"line":53,"column":64}},"37":{"start":{"line":54,"column":12},"end":{"line":54,"column":21}},"38":{"start":{"line":56,"column":8},"end":{"line":63,"column":21}},"39":{"start":{"line":63,"column":12},"end":{"line":63,"column":21}},"40":{"start":{"line":64,"column":8},"end":{"line":64,"column":47}},"41":{"start":{"line":66,"column":4},"end":{"line":66,"column":101}},"42":{"start":{"line":67,"column":4},"end":{"line":67,"column":47}},"43":{"start":{"line":68,"column":4},"end":{"line":71,"column":5}},"44":{"start":{"line":69,"column":8},"end":{"line":69,"column":27}},"45":{"start":{"line":70,"column":8},"end":{"line":70,"column":70}},"46":{"start":{"line":72,"column":4},"end":{"line":72,"column":36}},"47":{"start":{"line":73,"column":4},"end":{"line":73,"column":50}},"48":{"start":{"line":74,"column":4},"end":{"line":74,"column":26}},"49":{"start":{"line":76,"column":0},"end":{"line":76,"column":12}},"50":{"start":{"line":77,"column":0},"end":{"line":126,"column":30}},"51":{"start":{"line":78,"column":4},"end":{"line":78,"column":33}},"52":{"start":{"line":79,"column":4},"end":{"line":116,"column":5}},"53":{"start":{"line":80,"column":8},"end":{"line":80,"column":41}},"54":{"start":{"line":81,"column":8},"end":{"line":81,"column":40}},"55":{"start":{"line":82,"column":8},"end":{"line":82,"column":45}},"56":{"start":{"line":83,"column":8},"end":{"line":113,"column":9}},"57":{"start":{"line":84,"column":12},"end":{"line":112,"column":13}},"58":{"start":{"line":85,"column":16},"end":{"line":85,"column":83}},"59":{"start":{"line":86,"column":16},"end":{"line":86,"column":66}},"60":{"start":{"line":88,"column":16},"end":{"line":88,"column":80}},"61":{"start":{"line":89,"column":16},"end":{"line":89,"column":80}},"62":{"start":{"line":90,"column":16},"end":{"line":90,"column":100}},"63":{"start":{"line":91,"column":16},"end":{"line":91,"column":56}},"64":{"start":{"line":92,"column":16},"end":{"line":94,"column":17}},"65":{"start":{"line":93,"column":20},"end":{"line":93,"column":60}},"66":{"start":{"line":95,"column":16},"end":{"line":95,"column":37}},"67":{"start":{"line":96,"column":16},"end":{"line":101,"column":17}},"68":{"start":{"line":97,"column":20},"end":{"line":100,"column":21}},"69":{"start":{"line":98,"column":24},"end":{"line":98,"column":41}},"70":{"start":{"line":99,"column":24},"end":{"line":99,"column":80}},"71":{"start":{"line":102,"column":16},"end":{"line":107,"column":17}},"72":{"start":{"line":103,"column":20},"end":{"line":106,"column":21}},"73":{"start":{"line":104,"column":24},"end":{"line":104,"column":41}},"74":{"start":{"line":105,"column":24},"end":{"line":105,"column":57}},"75":{"start":{"line":108,"column":16},"end":{"line":108,"column":39}},"76":{"start":{"line":111,"column":16},"end":{"line":111,"column":46}},"77":{"start":{"line":114,"column":8},"end":{"line":114,"column":181}},"78":{"start":{"line":115,"column":8},"end":{"line":115,"column":23}},"79":{"start":{"line":117,"column":4},"end":{"line":117,"column":42}},"80":{"start":{"line":118,"column":4},"end":{"line":124,"column":5}},"81":{"start":{"line":119,"column":8},"end":{"line":119,"column":22}},"82":{"start":{"line":120,"column":8},"end":{"line":122,"column":9}},"83":{"start":{"line":121,"column":12},"end":{"line":121,"column":41}},"84":{"start":{"line":123,"column":8},"end":{"line":123,"column":272}},"85":{"start":{"line":125,"column":4},"end":{"line":125,"column":28}},"86":{"start":{"line":127,"column":0},"end":{"line":127,"column":25}}},"branchMap":{"1":{"line":8,"type":"if","locations":[{"start":{"line":8,"column":4},"end":{"line":8,"column":4}},{"start":{"line":8,"column":4},"end":{"line":8,"column":4}}]},"2":{"line":12,"type":"if","locations":[{"start":{"line":12,"column":4},"end":{"line":12,"column":4}},{"start":{"line":12,"column":4},"end":{"line":12,"column":4}}]},"3":{"line":14,"type":"if","locations":[{"start":{"line":14,"column":8},"end":{"line":14,"column":8}},{"start":{"line":14,"column":8},"end":{"line":14,"column":8}}]},"4":{"line":22,"type":"binary-expr","locations":[{"start":{"line":22,"column":37},"end":{"line":22,"column":42}},{"start":{"line":22,"column":46},"end":{"line":22,"column":48}}]},"5":{"line":27,"type":"if","locations":[{"start":{"line":27,"column":4},"end":{"line":27,"column":4}},{"start":{"line":27,"column":4},"end":{"line":27,"column":4}}]},"6":{"line":39,"type":"if","locations":[{"start":{"line":39,"column":4},"end":{"line":39,"column":4}},{"start":{"line":39,"column":4},"end":{"line":39,"column":4}}]},"7":{"line":42,"type":"if","locations":[{"start":{"line":42,"column":4},"end":{"line":42,"column":4}},{"start":{"line":42,"column":4},"end":{"line":42,"column":4}}]},"8":{"line":45,"type":"if","locations":[{"start":{"line":45,"column":4},"end":{"line":45,"column":4}},{"start":{"line":45,"column":4},"end":{"line":45,"column":4}}]},"9":{"line":52,"type":"if","locations":[{"start":{"line":52,"column":8},"end":{"line":52,"column":8}},{"start":{"line":52,"column":8},"end":{"line":52,"column":8}}]},"10":{"line":56,"type":"if","locations":[{"start":{"line":56,"column":8},"end":{"line":56,"column":8}},{"start":{"line":56,"column":8},"end":{"line":56,"column":8}}]},"11":{"line":56,"type":"binary-expr","locations":[{"start":{"line":56,"column":12},"end":{"line":56,"column":42}},{"start":{"line":57,"column":12},"end":{"line":57,"column":35}},{"start":{"line":58,"column":12},"end":{"line":58,"column":35}},{"start":{"line":59,"column":12},"end":{"line":59,"column":34}},{"start":{"line":60,"column":12},"end":{"line":60,"column":40}},{"start":{"line":61,"column":12},"end":{"line":61,"column":35}},{"start":{"line":62,"column":12},"end":{"line":62,"column":38}}]},"12":{"line":83,"type":"if","locations":[{"start":{"line":83,"column":8},"end":{"line":83,"column":8}},{"start":{"line":83,"column":8},"end":{"line":83,"column":8}}]},"13":{"line":84,"type":"if","locations":[{"start":{"line":84,"column":12},"end":{"line":84,"column":12}},{"start":{"line":84,"column":12},"end":{"line":84,"column":12}}]},"14":{"line":89,"type":"binary-expr","locations":[{"start":{"line":89,"column":47},"end":{"line":89,"column":55}},{"start":{"line":89,"column":59},"end":{"line":89,"column":78}}]},"15":{"line":91,"type":"binary-expr","locations":[{"start":{"line":91,"column":34},"end":{"line":91,"column":49}},{"start":{"line":91,"column":53},"end":{"line":91,"column":55}}]},"16":{"line":92,"type":"if","locations":[{"start":{"line":92,"column":16},"end":{"line":92,"column":16}},{"start":{"line":92,"column":16},"end":{"line":92,"column":16}}]},"17":{"line":96,"type":"if","locations":[{"start":{"line":96,"column":16},"end":{"line":96,"column":16}},{"start":{"line":96,"column":16},"end":{"line":96,"column":16}}]},"18":{"line":102,"type":"if","locations":[{"start":{"line":102,"column":16},"end":{"line":102,"column":16}},{"start":{"line":102,"column":16},"end":{"line":102,"column":16}}]},"19":{"line":126,"type":"binary-expr","locations":[{"start":{"line":126,"column":3},"end":{"line":126,"column":10}},{"start":{"line":126,"column":15},"end":{"line":126,"column":27}}]}},"code":["\"use strict\";","var fs = require('fs');","var path = require('path');","var _project = require('./project');","var utils = require('./utils');","var _reporter = require('./reporter');","function compile(param, theReporter) {","    if (arguments.length >= 3) {","        utils.deprecate(\"Reporter are now passed as the second argument\", \"remove the second argument\", \"Filters have been removed as of gulp-typescript 3.0.\\nThe reporter is now passed as the second argument instead of the third argument.\");","    }","    var proj;","    if (typeof param === \"function\") {","        proj = param;","        if (arguments.length >= 2) {","            utils.deprecate(\"ts(tsProject, ...) has been deprecated\", \"use .pipe(tsProject(reporter)) instead\", \"As of gulp-typescript 3.0, .pipe(ts(tsProject, ...)) should be written as .pipe(tsProject(reporter)).\");","        }","        else {","            utils.deprecate(\"ts(tsProject) has been deprecated\", \"use .pipe(tsProject(reporter)) instead\", \"As of gulp-typescript 3.0, .pipe(ts(tsProject)) should be written as .pipe(tsProject()).\");","        }","    }","    else {","        proj = compile.createProject(param || {});","    }","    return proj(theReporter);","}","function getTypeScript(typescript) {","    if (typescript)","        return typescript;","    try {","        return require('typescript');","    }","    catch (e) {","        utils.deprecate(\"TypeScript not installed\", \"install with `npm install typescript --save-dev`\", \"As of gulp-typescript 3.0, TypeScript isn't bundled with gulp-typescript any more.\\nInstall the latest stable version with `npm install typescript --save-dev`\\nor a nightly with `npm install typescript@next --save-dev`\");","        throw new Error(\"TypeScript not installed\");","    }","}","function getCompilerOptions(settings, projectPath, configFileName) {","    var typescript = getTypeScript(settings.typescript);","    if (settings.sourceRoot !== undefined) {","        console.warn('gulp-typescript: sourceRoot isn\\'t supported any more. Use sourceRoot option of gulp-sourcemaps instead.');","    }","    if (settings.noExternalResolve !== undefined) {","        utils.deprecate(\"noExternalResolve is deprecated\", \"use noResolve instead\", \"The non-standard option noExternalResolve has been removed as of gulp-typescript 3.0.\\nUse noResolve instead.\");","    }","    if (settings.sortOutput !== undefined) {","        utils.deprecate(\"sortOutput is deprecated\", \"your project might work without it\", \"The non-standard option sortOutput has been removed as of gulp-typescript 3.0.\\nYour project will probably compile without this option.\\nOtherwise, if you're using gulp-concat, you should remove gulp-concat and use the outFile option instead.\");","    }","    // Copy settings and remove several options","    var newSettings = {};","    for (var _i = 0, _a = Object.keys(settings); _i < _a.length; _i++) {","        var option = _a[_i];","        if (option === 'declarationFiles') {","            newSettings.declaration = settings.declarationFiles;","            continue;","        }","        if (option === 'noExternalResolve' ||","            option === 'sortOutput' ||","            option === 'typescript' ||","            option === 'sourceMap' ||","            option === 'inlineSourceMap' ||","            option === 'sourceRoot' ||","            option === 'inlineSources')","            continue;","        newSettings[option] = settings[option];","    }","    var result = typescript.convertCompilerOptionsFromJson(newSettings, projectPath, configFileName);","    var reporter = _reporter.defaultReporter();","    for (var _b = 0, _c = result.errors; _b < _c.length; _b++) {","        var error = _c[_b];","        reporter.error(utils.getError(error, typescript), typescript);","    }","    result.options.sourceMap = true;","    result.options.suppressOutputPathCheck = true;","    return result.options;","}","var compile;","(function (compile) {","    compile.reporter = _reporter;","    function createProject(fileNameOrSettings, settings) {","        var tsConfigFileName = undefined;","        var tsConfigContent = undefined;","        var projectDirectory = process.cwd();","        if (fileNameOrSettings !== undefined) {","            if (typeof fileNameOrSettings === 'string') {","                tsConfigFileName = path.resolve(process.cwd(), fileNameOrSettings);","                projectDirectory = path.dirname(tsConfigFileName);","                // Load file and strip BOM, since JSON.parse fails to parse if there's a BOM present","                var tsConfigText = fs.readFileSync(tsConfigFileName).toString();","                var typescript = getTypeScript(settings && settings.typescript);","                var tsConfig = typescript.parseConfigFileTextToJson(tsConfigFileName, tsConfigText);","                tsConfigContent = tsConfig.config || {};","                if (tsConfig.error) {","                    console.log(tsConfig.error.messageText);","                }","                var newSettings = {};","                if (tsConfigContent.compilerOptions) {","                    for (var _i = 0, _a = Object.keys(tsConfigContent.compilerOptions); _i < _a.length; _i++) {","                        var key = _a[_i];","                        newSettings[key] = tsConfigContent.compilerOptions[key];","                    }","                }","                if (settings) {","                    for (var _b = 0, _c = Object.keys(settings); _b < _c.length; _b++) {","                        var key = _c[_b];","                        newSettings[key] = settings[key];","                    }","                }","                settings = newSettings;","            }","            else {","                settings = fileNameOrSettings;","            }","        }","        var project = _project.setupProject(projectDirectory, tsConfigContent, getCompilerOptions(settings, projectDirectory, tsConfigFileName), getTypeScript(settings.typescript));","        return project;","    }","    compile.createProject = createProject;","    function filter() {","        var args = [];","        for (var _i = 0; _i < arguments.length; _i++) {","            args[_i - 0] = arguments[_i];","        }","        utils.deprecate('ts.filter() is deprecated', 'soon you can use tsProject.resolve()', 'Filters have been removed as of gulp-typescript 3.0.\\nSoon tsProject.resolve() will be available as an alternative.\\nSee https://github.com/ivogabe/gulp-typescript/issues/190.');","    }","    compile.filter = filter;","})(compile || (compile = {}));","module.exports = compile;",""],"l":{"2":1,"3":1,"4":1,"5":1,"6":1,"7":1,"8":0,"9":0,"11":0,"12":0,"13":0,"14":0,"15":0,"18":0,"22":0,"24":0,"26":1,"27":0,"28":0,"29":0,"30":0,"33":0,"34":0,"37":1,"38":0,"39":0,"40":0,"42":0,"43":0,"45":0,"46":0,"49":0,"50":0,"51":0,"52":0,"53":0,"54":0,"56":0,"63":0,"64":0,"66":0,"67":0,"68":0,"69":0,"70":0,"72":0,"73":0,"74":0,"76":1,"77":1,"78":1,"79":1,"80":0,"81":0,"82":0,"83":0,"84":0,"85":0,"86":0,"88":0,"89":0,"90":0,"91":0,"92":0,"93":0,"95":0,"96":0,"97":0,"98":0,"99":0,"102":0,"103":0,"104":0,"105":0,"108":0,"111":0,"114":0,"115":0,"117":1,"118":1,"119":0,"120":0,"121":0,"123":0,"125":1,"127":1}},"/home/travis/build/npmtest/node-npmtest-gulp-typescript/gulp-typescript/release/project.js":{"path":"/home/travis/build/npmtest/node-npmtest-gulp-typescript/gulp-typescript/release/project.js","s":{"1":1,"2":2,"3":4,"4":4,"5":1,"6":2,"7":2,"8":1,"9":1,"10":1,"11":1,"12":1,"13":1,"14":1,"15":1,"16":1,"17":1,"18":0,"19":0,"20":0,"21":0,"22":0,"23":0,"24":0,"25":0,"26":0,"27":0,"28":0,"29":0,"30":0,"31":0,"32":0,"33":0,"34":0,"35":0,"36":0,"37":0,"38":0,"39":0,"40":0,"41":0,"42":0,"43":0,"44":0,"45":0,"46":1,"47":1,"48":0,"49":0,"50":0,"51":0,"52":0,"53":0,"54":0,"55":0,"56":0,"57":0,"58":0,"59":0,"60":0,"61":0,"62":0,"63":0,"64":0,"65":0,"66":0,"67":0,"68":0,"69":0,"70":0,"71":0,"72":1,"73":1,"74":1,"75":0,"76":0,"77":0,"78":0,"79":0,"80":1,"81":0,"82":0,"83":0,"84":0,"85":0,"86":0,"87":0,"88":0,"89":0,"90":0,"91":0,"92":0,"93":1,"94":1,"95":0,"96":0,"97":0,"98":0,"99":0,"100":0,"101":1,"102":1,"103":1,"104":1,"105":0,"106":1,"107":1},"b":{"1":[1,1,1],"2":[4,0],"3":[0,2],"4":[0,0],"5":[0,0],"6":[0,0],"7":[0,0],"8":[0,0],"9":[0,0],"10":[0,0],"11":[0,0],"12":[0,0],"13":[0,0],"14":[0,0],"15":[0,0],"16":[0,0],"17":[0,0],"18":[0,0],"19":[0,0],"20":[0,0],"21":[0,0]},"f":{"1":2,"2":2,"3":0,"4":0,"5":0,"6":0,"7":0,"8":0,"9":1,"10":0,"11":0,"12":0,"13":0,"14":0,"15":0,"16":1,"17":0,"18":0},"fnMap":{"1":{"name":"(anonymous_1)","line":2,"loc":{"start":{"line":2,"column":44},"end":{"line":2,"column":60}}},"2":{"name":"__","line":4,"loc":{"start":{"line":4,"column":4},"end":{"line":4,"column":18}}},"3":{"name":"setupProject","line":16,"loc":{"start":{"line":16,"column":0},"end":{"line":16,"column":69}}},"4":{"name":"(anonymous_4)","line":26,"loc":{"start":{"line":26,"column":18},"end":{"line":26,"column":38}}},"5":{"name":"(anonymous_5)","line":36,"loc":{"start":{"line":36,"column":28},"end":{"line":36,"column":40}}},"6":{"name":"src","line":61,"loc":{"start":{"line":61,"column":0},"end":{"line":61,"column":15}}},"7":{"name":"(anonymous_7)","line":84,"loc":{"start":{"line":84,"column":63},"end":{"line":84,"column":79}}},"8":{"name":"(anonymous_8)","line":85,"loc":{"start":{"line":85,"column":17},"end":{"line":85,"column":33}}},"9":{"name":"(anonymous_9)","line":89,"loc":{"start":{"line":89,"column":21},"end":{"line":89,"column":39}}},"10":{"name":"CompileStream","line":91,"loc":{"start":{"line":91,"column":4},"end":{"line":91,"column":36}}},"11":{"name":"(anonymous_11)","line":97,"loc":{"start":{"line":97,"column":25},"end":{"line":97,"column":37}}},"12":{"name":"(anonymous_12)","line":99,"loc":{"start":{"line":99,"column":37},"end":{"line":99,"column":67}}},"13":{"name":"(anonymous_13)","line":100,"loc":{"start":{"line":100,"column":34},"end":{"line":100,"column":49}}},"14":{"name":"(anonymous_14)","line":114,"loc":{"start":{"line":114,"column":36},"end":{"line":114,"column":48}}},"15":{"name":"(anonymous_15)","line":116,"loc":{"start":{"line":116,"column":34},"end":{"line":116,"column":71}}},"16":{"name":"(anonymous_16)","line":130,"loc":{"start":{"line":130,"column":27},"end":{"line":130,"column":45}}},"17":{"name":"CompileOutputStream","line":132,"loc":{"start":{"line":132,"column":4},"end":{"line":132,"column":35}}},"18":{"name":"(anonymous_18)","line":135,"loc":{"start":{"line":135,"column":42},"end":{"line":135,"column":54}}}},"statementMap":{"1":{"start":{"line":2,"column":0},"end":{"line":6,"column":2}},"2":{"start":{"line":3,"column":4},"end":{"line":3,"column":58}},"3":{"start":{"line":3,"column":21},"end":{"line":3,"column":58}},"4":{"start":{"line":3,"column":46},"end":{"line":3,"column":58}},"5":{"start":{"line":4,"column":4},"end":{"line":4,"column":43}},"6":{"start":{"line":4,"column":20},"end":{"line":4,"column":41}},"7":{"start":{"line":5,"column":4},"end":{"line":5,"column":89}},"8":{"start":{"line":7,"column":0},"end":{"line":7,"column":31}},"9":{"start":{"line":8,"column":0},"end":{"line":8,"column":30}},"10":{"start":{"line":9,"column":0},"end":{"line":9,"column":27}},"11":{"start":{"line":10,"column":0},"end":{"line":10,"column":33}},"12":{"start":{"line":11,"column":0},"end":{"line":11,"column":31}},"13":{"start":{"line":12,"column":0},"end":{"line":12,"column":39}},"14":{"start":{"line":13,"column":0},"end":{"line":13,"column":33}},"15":{"start":{"line":14,"column":0},"end":{"line":14,"column":35}},"16":{"start":{"line":15,"column":0},"end":{"line":15,"column":39}},"17":{"start":{"line":16,"column":0},"end":{"line":59,"column":1}},"18":{"start":{"line":17,"column":4},"end":{"line":17,"column":59}},"19":{"start":{"line":18,"column":4},"end":{"line":18,"column":110}},"20":{"start":{"line":19,"column":4},"end":{"line":19,"column":24}},"21":{"start":{"line":20,"column":4},"end":{"line":25,"column":5}},"22":{"start":{"line":21,"column":8},"end":{"line":21,"column":58}},"23":{"start":{"line":22,"column":8},"end":{"line":22,"column":34}},"24":{"start":{"line":23,"column":8},"end":{"line":23,"column":36}},"25":{"start":{"line":24,"column":8},"end":{"line":24,"column":39}},"26":{"start":{"line":26,"column":4},"end":{"line":40,"column":6}},"27":{"start":{"line":27,"column":8},"end":{"line":29,"column":9}},"28":{"start":{"line":28,"column":12},"end":{"line":28,"column":164}},"29":{"start":{"line":30,"column":8},"end":{"line":30,"column":23}},"30":{"start":{"line":31,"column":8},"end":{"line":31,"column":22}},"31":{"start":{"line":32,"column":8},"end":{"line":32,"column":38}},"32":{"start":{"line":33,"column":8},"end":{"line":33,"column":52}},"33":{"start":{"line":34,"column":8},"end":{"line":34,"column":93}},"34":{"start":{"line":35,"column":8},"end":{"line":35,"column":72}},"35":{"start":{"line":36,"column":8},"end":{"line":38,"column":11}},"36":{"start":{"line":37,"column":12},"end":{"line":37,"column":28}},"37":{"start":{"line":39,"column":8},"end":{"line":39,"column":22}},"38":{"start":{"line":41,"column":4},"end":{"line":41,"column":82}},"39":{"start":{"line":42,"column":4},"end":{"line":42,"column":22}},"40":{"start":{"line":43,"column":4},"end":{"line":43,"column":36}},"41":{"start":{"line":44,"column":4},"end":{"line":44,"column":48}},"42":{"start":{"line":45,"column":4},"end":{"line":45,"column":28}},"43":{"start":{"line":46,"column":4},"end":{"line":46,"column":30}},"44":{"start":{"line":47,"column":4},"end":{"line":57,"column":6}},"45":{"start":{"line":58,"column":4},"end":{"line":58,"column":19}},"46":{"start":{"line":60,"column":0},"end":{"line":60,"column":36}},"47":{"start":{"line":61,"column":0},"end":{"line":88,"column":1}},"48":{"start":{"line":62,"column":4},"end":{"line":64,"column":5}},"49":{"start":{"line":63,"column":8},"end":{"line":63,"column":110}},"50":{"start":{"line":65,"column":4},"end":{"line":65,"column":13}},"51":{"start":{"line":66,"column":4},"end":{"line":68,"column":5}},"52":{"start":{"line":67,"column":8},"end":{"line":67,"column":76}},"53":{"start":{"line":69,"column":4},"end":{"line":69,"column":21}},"54":{"start":{"line":70,"column":4},"end":{"line":71,"column":46}},"55":{"start":{"line":71,"column":8},"end":{"line":71,"column":46}},"56":{"start":{"line":72,"column":4},"end":{"line":73,"column":46}},"57":{"start":{"line":73,"column":8},"end":{"line":73,"column":46}},"58":{"start":{"line":74,"column":4},"end":{"line":75,"column":42}},"59":{"start":{"line":75,"column":8},"end":{"line":75,"column":42}},"60":{"start":{"line":76,"column":4},"end":{"line":77,"column":52}},"61":{"start":{"line":77,"column":8},"end":{"line":77,"column":52}},"62":{"start":{"line":78,"column":4},"end":{"line":78,"column":155}},"63":{"start":{"line":79,"column":4},"end":{"line":82,"column":5}},"64":{"start":{"line":80,"column":8},"end":{"line":80,"column":33}},"65":{"start":{"line":81,"column":8},"end":{"line":81,"column":39}},"66":{"start":{"line":83,"column":4},"end":{"line":85,"column":66}},"67":{"start":{"line":84,"column":8},"end":{"line":85,"column":66}},"68":{"start":{"line":84,"column":81},"end":{"line":84,"column":116}},"69":{"start":{"line":85,"column":35},"end":{"line":85,"column":61}},"70":{"start":{"line":86,"column":4},"end":{"line":86,"column":56}},"71":{"start":{"line":87,"column":4},"end":{"line":87,"column":44}},"72":{"start":{"line":89,"column":0},"end":{"line":129,"column":18}},"73":{"start":{"line":90,"column":4},"end":{"line":90,"column":37}},"74":{"start":{"line":91,"column":4},"end":{"line":98,"column":5}},"75":{"start":{"line":92,"column":8},"end":{"line":92,"column":48}},"76":{"start":{"line":93,"column":8},"end":{"line":93,"column":44}},"77":{"start":{"line":94,"column":8},"end":{"line":94,"column":45}},"78":{"start":{"line":95,"column":8},"end":{"line":95,"column":31}},"79":{"start":{"line":97,"column":8},"end":{"line":97,"column":42}},"80":{"start":{"line":99,"column":4},"end":{"line":113,"column":6}},"81":{"start":{"line":100,"column":8},"end":{"line":100,"column":55}},"82":{"start":{"line":100,"column":29},"end":{"line":100,"column":53}},"83":{"start":{"line":101,"column":8},"end":{"line":102,"column":24}},"84":{"start":{"line":102,"column":12},"end":{"line":102,"column":24}},"85":{"start":{"line":103,"column":8},"end":{"line":106,"column":9}},"86":{"start":{"line":104,"column":12},"end":{"line":104,"column":17}},"87":{"start":{"line":105,"column":12},"end":{"line":105,"column":19}},"88":{"start":{"line":107,"column":8},"end":{"line":109,"column":9}},"89":{"start":{"line":108,"column":12},"end":{"line":108,"column":91}},"90":{"start":{"line":110,"column":8},"end":{"line":110,"column":57}},"91":{"start":{"line":111,"column":8},"end":{"line":111,"column":51}},"92":{"start":{"line":112,"column":8},"end":{"line":112,"column":13}},"93":{"start":{"line":114,"column":4},"end":{"line":115,"column":6}},"94":{"start":{"line":116,"column":4},"end":{"line":127,"column":6}},"95":{"start":{"line":117,"column":8},"end":{"line":125,"column":9}},"96":{"start":{"line":118,"column":12},"end":{"line":118,"column":43}},"97":{"start":{"line":120,"column":13},"end":{"line":125,"column":9}},"98":{"start":{"line":121,"column":12},"end":{"line":121,"column":47}},"99":{"start":{"line":124,"column":12},"end":{"line":124,"column":51}},"100":{"start":{"line":126,"column":8},"end":{"line":126,"column":42}},"101":{"start":{"line":128,"column":4},"end":{"line":128,"column":25}},"102":{"start":{"line":130,"column":0},"end":{"line":138,"column":20}},"103":{"start":{"line":131,"column":4},"end":{"line":131,"column":43}},"104":{"start":{"line":132,"column":4},"end":{"line":134,"column":5}},"105":{"start":{"line":133,"column":8},"end":{"line":133,"column":48}},"106":{"start":{"line":135,"column":4},"end":{"line":136,"column":6}},"107":{"start":{"line":137,"column":4},"end":{"line":137,"column":31}}},"branchMap":{"1":{"line":2,"type":"binary-expr","locations":[{"start":{"line":2,"column":17},"end":{"line":2,"column":21}},{"start":{"line":2,"column":25},"end":{"line":2,"column":39}},{"start":{"line":2,"column":44},"end":{"line":6,"column":1}}]},"2":{"line":3,"type":"if","locations":[{"start":{"line":3,"column":21},"end":{"line":3,"column":21}},{"start":{"line":3,"column":21},"end":{"line":3,"column":21}}]},"3":{"line":5,"type":"cond-expr","locations":[{"start":{"line":5,"column":31},"end":{"line":5,"column":47}},{"start":{"line":5,"column":51},"end":{"line":5,"column":87}}]},"4":{"line":18,"type":"cond-expr","locations":[{"start":{"line":18,"column":45},"end":{"line":18,"column":74}},{"start":{"line":18,"column":77},"end":{"line":18,"column":109}}]},"5":{"line":20,"type":"if","locations":[{"start":{"line":20,"column":4},"end":{"line":20,"column":4}},{"start":{"line":20,"column":4},"end":{"line":20,"column":4}}]},"6":{"line":27,"type":"if","locations":[{"start":{"line":27,"column":8},"end":{"line":27,"column":8}},{"start":{"line":27,"column":8},"end":{"line":27,"column":8}}]},"7":{"line":35,"type":"binary-expr","locations":[{"start":{"line":35,"column":31},"end":{"line":35,"column":39}},{"start":{"line":35,"column":43},"end":{"line":35,"column":71}}]},"8":{"line":41,"type":"binary-expr","locations":[{"start":{"line":41,"column":23},"end":{"line":41,"column":48}},{"start":{"line":41,"column":52},"end":{"line":41,"column":81}}]},"9":{"line":62,"type":"if","locations":[{"start":{"line":62,"column":4},"end":{"line":62,"column":4}},{"start":{"line":62,"column":4},"end":{"line":62,"column":4}}]},"10":{"line":66,"type":"if","locations":[{"start":{"line":66,"column":4},"end":{"line":66,"column":4}},{"start":{"line":66,"column":4},"end":{"line":66,"column":4}}]},"11":{"line":70,"type":"if","locations":[{"start":{"line":70,"column":4},"end":{"line":70,"column":4}},{"start":{"line":70,"column":4},"end":{"line":70,"column":4}}]},"12":{"line":72,"type":"if","locations":[{"start":{"line":72,"column":4},"end":{"line":72,"column":4}},{"start":{"line":72,"column":4},"end":{"line":72,"column":4}}]},"13":{"line":74,"type":"if","locations":[{"start":{"line":74,"column":4},"end":{"line":74,"column":4}},{"start":{"line":74,"column":4},"end":{"line":74,"column":4}}]},"14":{"line":76,"type":"if","locations":[{"start":{"line":76,"column":4},"end":{"line":76,"column":4}},{"start":{"line":76,"column":4},"end":{"line":76,"column":4}}]},"15":{"line":83,"type":"if","locations":[{"start":{"line":83,"column":4},"end":{"line":83,"column":4}},{"start":{"line":83,"column":4},"end":{"line":83,"column":4}}]},"16":{"line":100,"type":"if","locations":[{"start":{"line":100,"column":8},"end":{"line":100,"column":8}},{"start":{"line":100,"column":8},"end":{"line":100,"column":8}}]},
[...]
gulp.sourceMap)","            this.hasSourceMap = true;","    };","    ProjectCompiler.prototype.inputDone = function () {","        var _this = this;","        if (!this.project.input.firstSourceFile) {","            this.project.output.finish(reporter_1.emptyCompilationResult());","            return;","        }","        var rootFilenames = this.project.input.getFileNames(true);","        if (!this.project.singleOutput) {","            if (this.project.options.rootDir === undefined) {","                this.project.options.rootDir = utils.getCommonBasePathOfArray(rootFilenames.filter(function (fileName) { return fileName.substr(-5) !== \".d.ts\"; })","                    .map(function (fileName) { return _this.project.input.getFile(fileName).gulp.base; }));","            }","        }","        this.project.options.sourceMap = this.hasSourceMap;","        var currentDirectory = utils.getCommonBasePathOfArray(rootFilenames.map(function (fileName) { return _this.project.input.getFile(fileName).gulp.cwd; }));","        this.host = new host_1.Host(this.project.typescript, currentDirectory, this.project.input, this.project.options);","        this.program = this.project.typescript.createProgram(rootFilenames, this.project.options, this.host, this.program);","        var result = reporter_1.emptyCompilationResult();","        result.optionsErrors = this.reportDiagnostics(this.program.getOptionsDiagnostics());","        result.syntaxErrors = this.reportDiagnostics(this.program.getSyntacticDiagnostics());","        result.globalErrors = this.reportDiagnostics(this.program.getGlobalDiagnostics());","        result.semanticErrors = this.reportDiagnostics(this.program.getSemanticDiagnostics());","        if (this.project.options.declaration) {","            result.declarationErrors = this.program.getDeclarationDiagnostics().length;","        }","        if (this.project.singleOutput) {","            var output_1 = {","                file: undefined","            };","            this.emit(result, function (fileName, content) {","                _this.attachContentToFile(output_1, fileName, content);","            });","            this.emitFile(output_1, currentDirectory);","        }","        else {","            var output_2 = {};","            var input = this.host.input.getFileNames(true);","            for (var i = 0; i < input.length; i++) {","                var fileName = utils.normalizePath(input[i]);","                var file = this.project.input.getFile(fileName);","                output_2[fileName] = { file: file };","            }","            this.emit(result, function (fileName, content, writeByteOrderMark, onError, sourceFiles) {","                if (sourceFiles.length !== 1) {","                    throw new Error(\"Failure: sourceFiles in WriteFileCallback should have length 1, got \" + sourceFiles.length);","                }","                var fileNameOriginal = utils.normalizePath(sourceFiles[0].fileName);","                var file = output_2[fileNameOriginal];","                if (!file)","                    return;","                _this.attachContentToFile(file, fileName, content);","            });","            for (var i = 0; i < input.length; i++) {","                var fileName = utils.normalizePath(input[i]);","                this.emitFile(output_2[fileName], currentDirectory);","            }","        }","        this.project.output.finish(result);","    };","    ProjectCompiler.prototype.attachContentToFile = function (file, fileName, content) {","        var _a = utils.splitExtension(fileName, ['d.ts']), extension = _a[1];","        switch (extension) {","            case 'js':","            case 'jsx':","                file.jsFileName = fileName;","                file.jsContent = content;","                break;","            case 'd.ts':","                file.dtsFileName = fileName;","                file.dtsContent = content;","                break;","            case 'map':","                file.jsMapContent = content;","                break;","        }","    };","    ProjectCompiler.prototype.emit = function (result, callback) {","        var emitOutput = this.program.emit(undefined, callback);","        result.emitErrors += emitOutput.diagnostics.length;","        this.reportDiagnostics(emitOutput.diagnostics);","        result.emitSkipped = emitOutput.emitSkipped;","    };","    ProjectCompiler.prototype.emitFile = function (_a, currentDirectory) {","        var file = _a.file, jsFileName = _a.jsFileName, dtsFileName = _a.dtsFileName, jsContent = _a.jsContent, dtsContent = _a.dtsContent, jsMapContent = _a.jsMapContent;","        if (!jsFileName)","            return;","        var base;","        var baseDeclarations;","        if (file) {","            base = file.gulp.base;","            if (this.project.options.outDir) {","                var baseRelative = path.relative(this.project.options.rootDir, base);","                base = path.join(this.project.options.outDir, baseRelative);","            }","            baseDeclarations = base;","            if (this.project.options.declarationDir) {","                var baseRelative = path.relative(this.project.options.rootDir, file.gulp.base);","                baseDeclarations = path.join(this.project.options.declarationDir, baseRelative);","            }","        }","        else if (this.project.options.outFile) {","            base = this.project.directory;","            baseDeclarations = base;","        }","        else {","            var outFile = this.project.options.out;","            base = jsFileName.substring(0, jsFileName.length - outFile.length);","            baseDeclarations = base;","        }","        if (jsContent !== undefined) {","            if (jsMapContent !== undefined) {","                jsContent = this.removeSourceMapComment(jsContent);","            }","            this.project.output.writeJs(base, jsFileName, jsContent, jsMapContent, file ? file.gulp.cwd : currentDirectory, file);","        }","        if (dtsContent !== undefined) {","            this.project.output.writeDts(baseDeclarations, dtsFileName, dtsContent, file ? file.gulp.cwd : currentDirectory);","        }","    };","    ProjectCompiler.prototype.reportDiagnostics = function (diagnostics) {","        for (var _i = 0, diagnostics_1 = diagnostics; _i < diagnostics_1.length; _i++) {","            var error = diagnostics_1[_i];","            this.project.output.diagnostic(error);","        }","        return diagnostics.length;","    };","    ProjectCompiler.prototype.removeSourceMapComment = function (content) {","        // By default the TypeScript automaticly inserts a source map comment.","        // This should be removed because gulp-sourcemaps takes care of that.","        // The comment is always on the last line, so it's easy to remove it","        // (But the last line also ends with a \\n, so we need to look for the \\n before the other)","        var index = content.lastIndexOf('\\n', content.length - 2);","        return content.substring(0, index) + '\\n';","    };","    return ProjectCompiler;","}());","exports.ProjectCompiler = ProjectCompiler;","var FileCompiler = (function () {","    function FileCompiler() {","        this.output = {};","        this.previousOutput = {};","        this.compilationResult = undefined;","    }","    FileCompiler.prototype.prepare = function (project) {","        this.project = project;","        this.project.input.noParse = true;","        this.compilationResult = reporter_1.emptyCompilationResult();","    };","    FileCompiler.prototype.write = function (file, fileName, diagnostics, content, sourceMap) {","        this.output[file.fileNameNormalized] = { fileName: fileName, diagnostics: diagnostics, content: content, sourceMap: sourceMap };","        for (var _i = 0, diagnostics_2 = diagnostics; _i < diagnostics_2.length; _i++) {","            var error = diagnostics_2[_i];","            this.project.output.diagnostic(error);","        }","        this.compilationResult.transpileErrors += diagnostics.length;","        this.project.output.writeJs(file.gulp.base, fileName, content, sourceMap, file.gulp.cwd, file);","    };","    FileCompiler.prototype.inputFile = function (file) {","        if (file.fileNameNormalized.substr(file.fileNameNormalized.length - 5) === '.d.ts') {","            return; // Don't compile definition files","        }","        if (this.project.input.getFileChange(file.fileNameOriginal).state === input_1.FileChangeState.Equal) {","            // Not changed, re-use old file.","            var old = this.previousOutput[file.fileNameNormalized];","            this.write(file, old.fileName, old.diagnostics, old.content, old.sourceMap);","            return;","        }","        var diagnostics = [];","        var outputString = this.project.typescript.transpile(file.content, this.project.options, file.fileNameOriginal, diagnostics);","        var index = outputString.lastIndexOf('\\n');","        var mapString = outputString.substring(index + 1);","        if (mapString.substring(0, 1) === '\\r')","            mapString = mapString.substring(1);","        var start = '//# sourceMappingURL=data:application/json;base64,';","        if (mapString.substring(0, start.length) !== start) {","            console.error('Couldn\\'t read the sourceMap generated by TypeScript. This is likely an issue with gulp-typescript.');","            return;","        }","        mapString = mapString.substring(start.length);","        var map = JSON.parse(new Buffer(mapString, 'base64').toString());","        // TODO: Set paths correctly","        // map.sourceRoot = path.resolve(file.gulp.cwd, file.gulp.base);","        // map.sources[0] = path.relative(map.sourceRoot, file.gulp.path);","        var fileNameExtensionless = utils.splitExtension(file.fileNameOriginal)[0];","        var _a = utils.splitExtension(map.file), extension = _a[1]; // js or jsx","        this.write(file, fileNameExtensionless + '.' + extension, diagnostics, outputString.substring(0, index), JSON.stringify(map));","    };","    FileCompiler.prototype.inputDone = function () {","        this.project.output.finish(this.compilationResult);","        this.previousOutput = this.output;","        this.output = {};","    };","    return FileCompiler;","}());","exports.FileCompiler = FileCompiler;",""],"l":{"2":1,"3":1,"4":1,"5":1,"6":1,"10":1,"11":1,"13":1,"14":0,"15":0,"17":1,"18":0,"19":0,"21":1,"22":0,"23":0,"24":0,"25":0,"27":0,"28":0,"29":0,"30":0,"31":0,"34":0,"35":0,"36":0,"37":0,"38":0,"39":0,"40":0,"41":0,"42":0,"43":0,"44":0,"46":0,"47":0,"50":0,"51":0,"53":0,"56":0,"57":0,"58":0,"59":0,"60":0,"61":0,"63":0,"64":0,"65":0,"67":0,"68":0,"69":0,"70":0,"71":0,"73":0,"74":0,"75":0,"78":0,"80":1,"81":0,"82":0,"85":0,"86":0,"87":0,"89":0,"90":0,"91":0,"93":0,"94":0,"97":1,"98":0,"99":0,"100":0,"101":0,"103":1,"104":0,"105":0,"106":0,"107":0,"108":0,"109":0,"110":0,"111":0,"112":0,"113":0,"115":0,"116":0,"117":0,"118":0,"121":0,"122":0,"123":0,"126":0,"127":0,"128":0,"130":0,"131":0,"132":0,"134":0,"136":0,"137":0,"140":1,"141":0,"142":0,"143":0,"145":0,"147":1,"152":0,"153":0,"155":1,"157":1,"158":1,"159":1,"160":0,"161":0,"162":0,"164":1,"165":0,"166":0,"167":0,"169":1,"170":0,"171":0,"172":0,"173":0,"175":0,"176":0,"178":1,"179":0,"180":0,"182":0,"184":0,"185":0,"186":0,"188":0,"189":0,"190":0,"191":0,"192":0,"193":0,"194":0,"195":0,"196":0,"197":0,"199":0,"200":0,"204":0,"205":0,"206":0,"208":1,"209":0,"210":0,"211":0,"213":1,"215":1}},"/home/travis/build/npmtest/node-npmtest-gulp-typescript/gulp-typescript/release/host.js":{"path":"/home/travis/build/npmtest/node-npmtest-gulp-typescript/gulp-typescript/release/host.js","s":{"1":1,"2":1,"3":1,"4":0,"5":0,"6":0,"7":0,"8":0,"9":0,"10":0,"11":0,"12":0,"13":0,"14":0,"15":0,"16":0,"17":0,"18":0,"19":0,"20":0,"21":0,"22":0,"23":0,"24":0,"25":0,"26":0,"27":0,"28":0,"29":0,"30":0,"31":0,"32":0,"33":1,"34":0,"35":1,"36":0,"37":1,"38":0,"39":1,"40":0,"41":1,"42":0,"43":1,"44":1},"b":{"1":[0,0],"2":[0,0],"3":[0,0]},"f":{"1":1,"2":0,"3":0,"4":0,"5":0,"6":0,"7":0,"8":0,"9":0,"10":0,"11":0,"12":0,"13":0,"14":0,"15":0},"fnMap":{"1":{"name":"(anonymous_1)","line":3,"loc":{"start":{"line":3,"column":12},"end":{"line":3,"column":24}}},"2":{"name":"Host","line":4,"loc":{"start":{"line":4,"column":4},"end":{"line":4,"column":64}}},"3":{"name":"(anonymous_3)","line":6,"loc":{"start":{"line":6,"column":35},"end":{"line":6,"column":47}}},"4":{"name":"(anonymous_4)","line":9,"loc":{"start":{"line":9,"column":25},"end":{"line":9,"column":80}}},"5":{"name":"(anonymous_5)","line":10,"loc":{"start":{"line":10,"column":26},"end":{"line":10,"column":46}}},"6":{"name":"(anonymous_6)","line":16,"loc":{"start":{"line":16,"column":24},"end":{"line":16,"column":44}}},"7":{"name":"(anonymous_7)","line":22,"loc":{"start":{"line":22,"column":29},"end":{"line":22,"column":75}}},"8":{"name":"(anonymous_8)","line":29,"loc":{"start":{"line":29,"column":24},"end":{"line":29,"column":40}}},"9":{"name":"(anonymous_9)","line":30,"loc":{"start":{"line":30,"column":30},"end":{"line":30,"column":46}}},"10":{"name":"(anonymous_10)","line":31,"loc":{"start":{"line":31,"column":31},"end":{"line":31,"column":47}}},"11":{"name":"(anonymous_11)","line":37,"loc":{"start":{"line":37,"column":32},"end":{"line":37,"column":44}}},"12":{"name":"(anonymous_12)","line":40,"loc":{"start":{"line":40,"column":47},"end":{"line":40,"column":59}}},"13":{"name":"(anonymous_13)","line":43,"loc":{"start":{"line":43,"column":42},"end":{"line":43,"column":62}}},"14":{"name":"(anonymous_14)","line":46,"loc":{"start":{"line":46,"column":43},"end":{"line":46,"column":62}}},"15":{"name":"(anonymous_15)","line":49,"loc":{"start":{"line":49,"column":43},"end":{"line":49,"column":55}}}},"statementMap":{"1":{"start":{"line":2,"column":0},"end":{"line":2,"column":31}},"2":{"start":{"line":3,"column":0},"end":{"line":53,"column":5}},"3":{"start":{"line":4,"column":4},"end":{"line":36,"column":5}},"4":{"start":{"line":5,"column":8},"end":{"line":5,"column":25}},"5":{"start":{"line":6,"column":8},"end":{"line":8,"column":10}},"6":{"start":{"line":7,"column":12},"end":{"line":7,"column":42}},"7":{"start":{"line":9,"column":8},"end":{"line":9,"column":84}},"8":{"start":{"line":10,"column":8},"end":{"line":15,"column":10}},"9":{"start":{"line":11,"column":12},"end":{"line":11,"column":59}},"10":{"start":{"line":12,"column":12},"end":{"line":13,"column":28}},"11":{"start":{"line":13,"column":16},"end":{"line":13,"column":28}},"12":{"start":{"line":14,"column":12},"end":{"line":14,"column":55}},"13":{"start":{"line":16,"column":8},"end":{"line":21,"column":10}},"14":{"start":{"line":17,"column":12},"end":{"line":17,"column":59}},"15":{"start":{"line":18,"column":12},"end":{"line":19,"column":42}},"16":{"start":{"line":19,"column":16},"end":{"line":19,"column":42}},"17":{"start":{"line":20,"column":12},"end":{"line":20,"column":53}},"18":{"start":{"line":22,"column":8},"end":{"line":28,"column":10}},"19":{"start":{"line":24,"column":12},"end":{"line":24,"column":59}},"20":{"start":{"line":25,"column":12},"end":{"line":26,"column":37}},"21":{"start":{"line":26,"column":16},"end":{"line":26,"column":37}},"22":{"start":{"line":27,"column":12},"end":{"line":27,"column":84}},"23":{"start":{"line":29,"column":8},"end":{"line":29,"column":82}},"24":{"start":{"line":29,"column":42},"end":{"line":29,"column":79}},"25":{"start":{"line":30,"column":8},"end":{"line":30,"column":94}},"26":{"start":{"line":30,"column":48},"end":{"line":30,"column":91}},"27":{"start":{"line":31,"column":8},"end":{"line":31,"column":96}},"28":{"start":{"line":31,"column":49},"end":{"line":31,"column":93}},"29":{"start":{"line":32,"column":8},"end":{"line":32,"column":37}},"30":{"start":{"line":33,"column":8},"end":{"line":33,"column":63}},"31":{"start":{"line":34,"column":8},"end":{"line":34,"column":49}},"32":{"start":{"line":35,"column":8},"end":{"line":35,"column":27}},"33":{"start":{"line":37,"column":4},"end":{"line":39,"column":6}},"34":{"start":{"line":38,"column":8},"end":{"line":38,"column":20}},"35":{"start":{"line":40,"column":4},"end":{"line":42,"column":6}},"36":{"start":{"line":41,"column":8},"end":{"line":41,"column":21}},"37":{"start":{"line":43,"column":4},"end":{"line":45,"column":6}},"38":{"start":{"line":44,"column":8},"end":{"line":44,"column":45}},"39":{"start":{"line":46,"column":4},"end":{"line":48,"column":6}},"40":{"start":{"line":47,"column":8},"end":{"line":47,"column":60}},"41":{"start":{"line":49,"column":4},"end":{"line":51,"column":6}},"42":{"start":{"line":50,"column":8},"end":{"line":50,"column":53}},"43":{"start":{"line":52,"column":4},"end":{"line":52,"column":16}},"44":{"start":{"line":54,"column":0},"end":{"line":54,"column":20}}},"branchMap":{"1":{"line":12,"type":"if","locations":[{"start":{"line":12,"column":12},"end":{"line":12,"column":12}},{"start":{"line":12,"column":12},"end":{"line":12,"column":12}}]},"2":{"line":18,"type":"if","locations":[{"start":{"line":18,"column":12},"end":{"line":18,"column":12}},{"start":{"line":18,"column":12},"end":{"line":18,"column":12}}]},"3":{"line":25,"type":"if","locations":[{"start":{"line":25,"column":12},"end":{"line":25,"column":12}},{"start":{"line":25,"column":12},"end":{"line":25,"column":12}}]}},"code":["\"use strict\";","var utils = require('./utils');","var Host = (function () {","    function Host(typescript, currentDirectory, input, options) {","        var _this = this;","        this.getCurrentDirectory = function () {","            return _this.currentDirectory;","        };","        this.writeFile = function (fileName, data, writeByteOrderMark, onError) { };","        this.fileExists = function (fileName) {","            var sourceFile = _this.input.getFile(fileName);","            if (sourceFile)","                return true;","            return _this.fallback.fileExists(fileName);","        };","        this.readFile = function (fileName) {","            var sourceFile = _this.input.getFile(fileName);","            if (sourceFile)","                return sourceFile.content;","            return _this.fallback.readFile(fileName);","        };","        this.getSourceFile = function (fileName, languageVersion, onError) {","            // TODO: Cache lib.d.ts files between compilations","            var sourceFile = _this.input.getFile(fileName);","            if (sourceFile)","                return sourceFile.ts;","            return _this.fallback.getSourceFile(fileName, languageVersion, onError);","        };","        this.realpath = function (path) { return _this.fallback.realpath(path); };","        this.getDirectories = function (path) { return _this.fallback.getDirectories(path); };","        this.directoryExists = function (path) { return _this.fallback.directoryExists(path); };","        this.typescript = typescript;","        this.fallback = typescript.createCompilerHost(options);","        this.currentDirectory = currentDirectory;","        this.input = input;","    }","    Host.prototype.getNewLine = function () {","        return '\\n';","    };","    Host.prototype.useCaseSensitiveFileNames = function () {","        return false;","    };","    Host.prototype.getCanonicalFileName = function (filename) {","        return utils.normalizePath(filename);","    };","    Host.prototype.getDefaultLibFileName = function (options) {","        return this.fallback.getDefaultLibFileName(options);","    };","    Host.prototype.getDefaultLibLocation = function () {","        return this.fallback.getDefaultLibLocation();","    };","    return Host;","}());","exports.Host = Host;",""],"l":{"2":1,"3":1,"4":1,"5":0,"6":0,"7":0,"9":0,"10":0,"11":0,"12":0,"13":0,"14":0,"16":0,"17":0,"18":0,"19":0,"20":0,"22":0,"24":0,"25":0,"26":0,"27":0,"29":0,"30":0,"31":0,"32":0,"33":0,"34":0,"35":0,"37":1,"38":0,"40":1,"41":0,"43":1,"44":0,"46":1,"47":0,"49":1,"50":0,"52":1,"54":1}}}